[debug] [2025-04-06T17:07:25.139Z] ----------------------------------------------------------------------
[debug] [2025-04-06T17:07:25.142Z] Command:       C:\Program Files\nodejs\node.exe C:\Users\himir\AppData\Roaming\npm\node_modules\firebase-tools\lib\bin\firebase.js deploy --only functions
[debug] [2025-04-06T17:07:25.143Z] CLI Version:   14.1.0
[debug] [2025-04-06T17:07:25.143Z] Platform:      win32
[debug] [2025-04-06T17:07:25.143Z] Node Version:  v20.16.0
[debug] [2025-04-06T17:07:25.143Z] Time:          Sun Apr 06 2025 10:07:25 GMT-0700 (Pacific Daylight Time)
[debug] [2025-04-06T17:07:25.143Z] ----------------------------------------------------------------------
[debug] 
[debug] [2025-04-06T17:07:25.465Z] > command requires scopes: ["email","openid","https://www.googleapis.com/auth/cloudplatformprojects.readonly","https://www.googleapis.com/auth/firebase","https://www.googleapis.com/auth/cloud-platform"]
[debug] [2025-04-06T17:07:25.466Z] > authorizing via signed-in user (himirdesai72@gmail.com)
[debug] [2025-04-06T17:07:25.466Z] [iam] checking project second-srving for permissions ["cloudfunctions.functions.create","cloudfunctions.functions.delete","cloudfunctions.functions.get","cloudfunctions.functions.list","cloudfunctions.functions.update","cloudfunctions.operations.get","firebase.projects.get"]
[debug] [2025-04-06T17:07:25.467Z] Checked if tokens are valid: true, expires at: 1743961600318
[debug] [2025-04-06T17:07:25.468Z] Checked if tokens are valid: true, expires at: 1743961600318
[debug] [2025-04-06T17:07:25.469Z] >>> [apiv2][query] POST https://cloudresourcemanager.googleapis.com/v1/projects/second-srving:testIamPermissions [none]
[debug] [2025-04-06T17:07:25.469Z] >>> [apiv2][(partial)header] POST https://cloudresourcemanager.googleapis.com/v1/projects/second-srving:testIamPermissions x-goog-quota-user=projects/second-srving
[debug] [2025-04-06T17:07:25.469Z] >>> [apiv2][body] POST https://cloudresourcemanager.googleapis.com/v1/projects/second-srving:testIamPermissions {"permissions":["cloudfunctions.functions.create","cloudfunctions.functions.delete","cloudfunctions.functions.get","cloudfunctions.functions.list","cloudfunctions.functions.update","cloudfunctions.operations.get","firebase.projects.get"]}
[debug] [2025-04-06T17:07:25.784Z] <<< [apiv2][status] POST https://cloudresourcemanager.googleapis.com/v1/projects/second-srving:testIamPermissions 200
[debug] [2025-04-06T17:07:25.784Z] <<< [apiv2][body] POST https://cloudresourcemanager.googleapis.com/v1/projects/second-srving:testIamPermissions {"permissions":["cloudfunctions.functions.create","cloudfunctions.functions.delete","cloudfunctions.functions.get","cloudfunctions.functions.list","cloudfunctions.functions.update","cloudfunctions.operations.get","firebase.projects.get"]}
[debug] [2025-04-06T17:07:25.785Z] Checked if tokens are valid: true, expires at: 1743961600318
[debug] [2025-04-06T17:07:25.785Z] Checked if tokens are valid: true, expires at: 1743961600318
[debug] [2025-04-06T17:07:25.785Z] >>> [apiv2][query] POST https://iam.googleapis.com/v1/projects/second-srving/serviceAccounts/second-srving@appspot.gserviceaccount.com:testIamPermissions [none]
[debug] [2025-04-06T17:07:25.785Z] >>> [apiv2][body] POST https://iam.googleapis.com/v1/projects/second-srving/serviceAccounts/second-srving@appspot.gserviceaccount.com:testIamPermissions {"permissions":["iam.serviceAccounts.actAs"]}
[debug] [2025-04-06T17:07:26.107Z] <<< [apiv2][status] POST https://iam.googleapis.com/v1/projects/second-srving/serviceAccounts/second-srving@appspot.gserviceaccount.com:testIamPermissions 200
[debug] [2025-04-06T17:07:26.107Z] <<< [apiv2][body] POST https://iam.googleapis.com/v1/projects/second-srving/serviceAccounts/second-srving@appspot.gserviceaccount.com:testIamPermissions {"permissions":["iam.serviceAccounts.actAs"]}
[info] 
[info] === Deploying to 'second-srving'...
[info] 
[info] i  deploying functions 
[debug] [2025-04-06T17:07:26.111Z] Checked if tokens are valid: true, expires at: 1743961600318
[debug] [2025-04-06T17:07:26.111Z] Checked if tokens are valid: true, expires at: 1743961600318
[debug] [2025-04-06T17:07:26.111Z] >>> [apiv2][query] GET https://cloudresourcemanager.googleapis.com/v1/projects/second-srving [none]
[debug] [2025-04-06T17:07:26.218Z] <<< [apiv2][status] GET https://cloudresourcemanager.googleapis.com/v1/projects/second-srving 200
[debug] [2025-04-06T17:07:26.218Z] <<< [apiv2][body] GET https://cloudresourcemanager.googleapis.com/v1/projects/second-srving {"projectNumber":"426857757301","projectId":"second-srving","lifecycleState":"ACTIVE","name":"Second srving","labels":{"firebase":"enabled","firebase-core":"disabled"},"createTime":"2025-04-05T19:11:28.881021Z"}
[info] i  functions: preparing codebase default for deployment 
[info] i  functions: ensuring required API cloudfunctions.googleapis.com is enabled... 
[debug] [2025-04-06T17:07:26.221Z] Checked if tokens are valid: true, expires at: 1743961600318
[debug] [2025-04-06T17:07:26.221Z] Checked if tokens are valid: true, expires at: 1743961600318
[debug] [2025-04-06T17:07:26.221Z] Checked if tokens are valid: true, expires at: 1743961600318
[debug] [2025-04-06T17:07:26.221Z] Checked if tokens are valid: true, expires at: 1743961600318
[info] i  functions: ensuring required API cloudbuild.googleapis.com is enabled... 
[debug] [2025-04-06T17:07:26.222Z] Checked if tokens are valid: true, expires at: 1743961600318
[debug] [2025-04-06T17:07:26.222Z] Checked if tokens are valid: true, expires at: 1743961600318
[info] i  artifactregistry: ensuring required API artifactregistry.googleapis.com is enabled... 
[debug] [2025-04-06T17:07:26.222Z] Checked if tokens are valid: true, expires at: 1743961600318
[debug] [2025-04-06T17:07:26.222Z] Checked if tokens are valid: true, expires at: 1743961600318
[debug] [2025-04-06T17:07:26.223Z] >>> [apiv2][query] GET https://serviceusage.googleapis.com/v1/projects/second-srving/services/cloudfunctions.googleapis.com [none]
[debug] [2025-04-06T17:07:26.223Z] >>> [apiv2][(partial)header] GET https://serviceusage.googleapis.com/v1/projects/second-srving/services/cloudfunctions.googleapis.com x-goog-quota-user=projects/second-srving
[debug] [2025-04-06T17:07:26.226Z] >>> [apiv2][query] GET https://serviceusage.googleapis.com/v1/projects/second-srving/services/runtimeconfig.googleapis.com [none]
[debug] [2025-04-06T17:07:26.226Z] >>> [apiv2][(partial)header] GET https://serviceusage.googleapis.com/v1/projects/second-srving/services/runtimeconfig.googleapis.com x-goog-quota-user=projects/second-srving
[debug] [2025-04-06T17:07:26.228Z] >>> [apiv2][query] GET https://serviceusage.googleapis.com/v1/projects/second-srving/services/cloudbuild.googleapis.com [none]
[debug] [2025-04-06T17:07:26.228Z] >>> [apiv2][(partial)header] GET https://serviceusage.googleapis.com/v1/projects/second-srving/services/cloudbuild.googleapis.com x-goog-quota-user=projects/second-srving
[debug] [2025-04-06T17:07:26.230Z] >>> [apiv2][query] GET https://serviceusage.googleapis.com/v1/projects/second-srving/services/artifactregistry.googleapis.com [none]
[debug] [2025-04-06T17:07:26.230Z] >>> [apiv2][(partial)header] GET https://serviceusage.googleapis.com/v1/projects/second-srving/services/artifactregistry.googleapis.com x-goog-quota-user=projects/second-srving
[debug] [2025-04-06T17:07:26.616Z] <<< [apiv2][status] GET https://serviceusage.googleapis.com/v1/projects/second-srving/services/artifactregistry.googleapis.com 200
[debug] [2025-04-06T17:07:26.616Z] <<< [apiv2][body] GET https://serviceusage.googleapis.com/v1/projects/second-srving/services/artifactregistry.googleapis.com [omitted]
[info] +  artifactregistry: required API artifactregistry.googleapis.com is enabled 
[debug] [2025-04-06T17:07:26.618Z] <<< [apiv2][status] GET https://serviceusage.googleapis.com/v1/projects/second-srving/services/cloudfunctions.googleapis.com 200
[debug] [2025-04-06T17:07:26.618Z] <<< [apiv2][body] GET https://serviceusage.googleapis.com/v1/projects/second-srving/services/cloudfunctions.googleapis.com [omitted]
[info] +  functions: required API cloudfunctions.googleapis.com is enabled 
[debug] [2025-04-06T17:07:26.619Z] <<< [apiv2][status] GET https://serviceusage.googleapis.com/v1/projects/second-srving/services/runtimeconfig.googleapis.com 200
[debug] [2025-04-06T17:07:26.619Z] <<< [apiv2][body] GET https://serviceusage.googleapis.com/v1/projects/second-srving/services/runtimeconfig.googleapis.com [omitted]
[debug] [2025-04-06T17:07:26.621Z] <<< [apiv2][status] GET https://serviceusage.googleapis.com/v1/projects/second-srving/services/cloudbuild.googleapis.com 200
[debug] [2025-04-06T17:07:26.621Z] <<< [apiv2][body] GET https://serviceusage.googleapis.com/v1/projects/second-srving/services/cloudbuild.googleapis.com [omitted]
[info] +  functions: required API cloudbuild.googleapis.com is enabled 
[debug] [2025-04-06T17:07:26.622Z] Checked if tokens are valid: true, expires at: 1743961600318
[debug] [2025-04-06T17:07:26.622Z] Checked if tokens are valid: true, expires at: 1743961600318
[debug] [2025-04-06T17:07:26.622Z] >>> [apiv2][query] GET https://firebase.googleapis.com/v1beta1/projects/second-srving/adminSdkConfig [none]
[debug] [2025-04-06T17:07:26.828Z] <<< [apiv2][status] GET https://firebase.googleapis.com/v1beta1/projects/second-srving/adminSdkConfig 200
[debug] [2025-04-06T17:07:26.828Z] <<< [apiv2][body] GET https://firebase.googleapis.com/v1beta1/projects/second-srving/adminSdkConfig {"projectId":"second-srving","storageBucket":"second-srving.firebasestorage.app"}
[debug] [2025-04-06T17:07:26.829Z] Checked if tokens are valid: true, expires at: 1743961600318
[debug] [2025-04-06T17:07:26.829Z] Checked if tokens are valid: true, expires at: 1743961600318
[debug] [2025-04-06T17:07:26.829Z] >>> [apiv2][query] GET https://runtimeconfig.googleapis.com/v1beta1/projects/second-srving/configs [none]
[debug] [2025-04-06T17:07:27.006Z] <<< [apiv2][status] GET https://runtimeconfig.googleapis.com/v1beta1/projects/second-srving/configs 200
[debug] [2025-04-06T17:07:27.007Z] <<< [apiv2][body] GET https://runtimeconfig.googleapis.com/v1beta1/projects/second-srving/configs {}
[debug] [2025-04-06T17:07:27.009Z] Validating nodejs source
[debug] [2025-04-06T17:07:28.085Z] > [functions] package.json contents: {
  "name": "functions",
  "description": "Cloud Functions for Firebase",
  "scripts": {
    "serve": "firebase emulators:start --only functions",
    "shell": "firebase functions:shell",
    "start": "npm run shell",
    "deploy": "firebase deploy --only functions",
    "logs": "firebase functions:log"
  },
  "engines": {
    "node": "22"
  },
  "main": "index.js",
  "dependencies": {
    "body-parser": "^2.2.0",
    "cookie-parser": "^1.4.7",
    "ejs": "^3.1.10",
    "express": "^5.1.0",
    "firebase-admin": "^12.6.0",
    "firebase-functions": "^6.0.1"
  },
  "devDependencies": {
    "firebase-functions-test": "^3.1.0"
  },
  "private": true
}
[debug] [2025-04-06T17:07:28.085Z] Building nodejs source
[info] i  functions: Loading and analyzing source code for codebase default to determine what to deploy 
[debug] [2025-04-06T17:07:28.087Z] Could not find functions.yaml. Must use http discovery
[debug] [2025-04-06T17:07:28.098Z] Found firebase-functions binary at 'C:\Users\himir\Projects\Second-Serving\Takers\functions\node_modules\.bin\firebase-functions'
[info] Serving at port 8379

[info] HAHAAHAH

[debug] [2025-04-06T17:07:28.881Z] Got response from /__/functions.yaml {"endpoints":{"app":{"availableMemoryMb":null,"timeoutSeconds":null,"minInstances":null,"maxInstances":null,"ingressSettings":null,"concurrency":null,"serviceAccountEmail":null,"vpc":null,"platform":"gcfv2","labels":{},"httpsTrigger":{},"entryPoint":"app"}},"specVersion":"v1alpha1","requiredAPIs":[],"extensions":{}}
[info] i  extensions: ensuring required API firebaseextensions.googleapis.com is enabled... 
[debug] [2025-04-06T17:07:33.925Z] Checked if tokens are valid: true, expires at: 1743961600318
[debug] [2025-04-06T17:07:33.925Z] Checked if tokens are valid: true, expires at: 1743961600318
[debug] [2025-04-06T17:07:33.925Z] >>> [apiv2][query] GET https://serviceusage.googleapis.com/v1/projects/second-srving/services/firebaseextensions.googleapis.com [none]
[debug] [2025-04-06T17:07:33.925Z] >>> [apiv2][(partial)header] GET https://serviceusage.googleapis.com/v1/projects/second-srving/services/firebaseextensions.googleapis.com x-goog-quota-user=projects/second-srving
[debug] [2025-04-06T17:07:34.302Z] <<< [apiv2][status] GET https://serviceusage.googleapis.com/v1/projects/second-srving/services/firebaseextensions.googleapis.com 200
[debug] [2025-04-06T17:07:34.302Z] <<< [apiv2][body] GET https://serviceusage.googleapis.com/v1/projects/second-srving/services/firebaseextensions.googleapis.com [omitted]
[info] +  extensions: required API firebaseextensions.googleapis.com is enabled 
[debug] [2025-04-06T17:07:34.303Z] > command requires scopes: ["email","openid","https://www.googleapis.com/auth/cloudplatformprojects.readonly","https://www.googleapis.com/auth/firebase","https://www.googleapis.com/auth/cloud-platform"]
[debug] [2025-04-06T17:07:34.303Z] > authorizing via signed-in user (himirdesai72@gmail.com)
[debug] [2025-04-06T17:07:34.303Z] [iam] checking project second-srving for permissions ["firebase.projects.get","firebaseextensions.instances.list"]
[debug] [2025-04-06T17:07:34.303Z] Checked if tokens are valid: true, expires at: 1743961600318
[debug] [2025-04-06T17:07:34.303Z] Checked if tokens are valid: true, expires at: 1743961600318
[debug] [2025-04-06T17:07:34.303Z] >>> [apiv2][query] POST https://cloudresourcemanager.googleapis.com/v1/projects/second-srving:testIamPermissions [none]
[debug] [2025-04-06T17:07:34.303Z] >>> [apiv2][(partial)header] POST https://cloudresourcemanager.googleapis.com/v1/projects/second-srving:testIamPermissions x-goog-quota-user=projects/second-srving
[debug] [2025-04-06T17:07:34.303Z] >>> [apiv2][body] POST https://cloudresourcemanager.googleapis.com/v1/projects/second-srving:testIamPermissions {"permissions":["firebase.projects.get","firebaseextensions.instances.list"]}
[debug] [2025-04-06T17:07:34.519Z] <<< [apiv2][status] POST https://cloudresourcemanager.googleapis.com/v1/projects/second-srving:testIamPermissions 200
[debug] [2025-04-06T17:07:34.520Z] <<< [apiv2][body] POST https://cloudresourcemanager.googleapis.com/v1/projects/second-srving:testIamPermissions {"permissions":["firebase.projects.get","firebaseextensions.instances.list"]}
[debug] [2025-04-06T17:07:34.520Z] Checked if tokens are valid: true, expires at: 1743961600318
[debug] [2025-04-06T17:07:34.520Z] Checked if tokens are valid: true, expires at: 1743961600318
[debug] [2025-04-06T17:07:34.521Z] >>> [apiv2][query] GET https://firebaseextensions.googleapis.com/v1beta/projects/second-srving/instances pageSize=100&pageToken=
[debug] [2025-04-06T17:07:34.935Z] <<< [apiv2][status] GET https://firebaseextensions.googleapis.com/v1beta/projects/second-srving/instances 200
[debug] [2025-04-06T17:07:34.935Z] <<< [apiv2][body] GET https://firebaseextensions.googleapis.com/v1beta/projects/second-srving/instances {}
[info] i  functions: preparing functions directory for uploading... 
[info] i  functions: packaged C:\Users\himir\Projects\Second-Serving\Takers\functions (358.44 KB) for uploading 
[debug] [2025-04-06T17:07:35.017Z] Checked if tokens are valid: true, expires at: 1743961600318
[debug] [2025-04-06T17:07:35.017Z] Checked if tokens are valid: true, expires at: 1743961600318
[debug] [2025-04-06T17:07:35.018Z] >>> [apiv2][query] GET https://cloudfunctions.googleapis.com/v1/projects/second-srving/locations/-/functions [none]
[debug] [2025-04-06T17:07:35.528Z] <<< [apiv2][status] GET https://cloudfunctions.googleapis.com/v1/projects/second-srving/locations/-/functions 200
[debug] [2025-04-06T17:07:35.528Z] <<< [apiv2][body] GET https://cloudfunctions.googleapis.com/v1/projects/second-srving/locations/-/functions {}
[debug] [2025-04-06T17:07:35.529Z] Checked if tokens are valid: true, expires at: 1743961600318
[debug] [2025-04-06T17:07:35.529Z] Checked if tokens are valid: true, expires at: 1743961600318
[debug] [2025-04-06T17:07:35.529Z] >>> [apiv2][query] GET https://cloudfunctions.googleapis.com/v2/projects/second-srving/locations/-/functions filter=environment%3D%22GEN_2%22
[debug] [2025-04-06T17:07:35.973Z] <<< [apiv2][status] GET https://cloudfunctions.googleapis.com/v2/projects/second-srving/locations/-/functions 200
[debug] [2025-04-06T17:07:35.973Z] <<< [apiv2][body] GET https://cloudfunctions.googleapis.com/v2/projects/second-srving/locations/-/functions {"functions":[{"name":"projects/second-srving/locations/us-central1/functions/app","buildConfig":{"build":"projects/426857757301/locations/us-central1/builds/15c2a006-41e7-4cab-938f-dfd2353cd560","runtime":"nodejs22","entryPoint":"app","source":{"storageSource":{"bucket":"gcf-v2-sources-426857757301-us-central1","object":"app/function-source.zip","generation":"1743959020232260"}},"environmentVariables":{"GOOGLE_NODE_RUN_SCRIPTS":""},"dockerRepository":"projects/second-srving/locations/us-central1/repositories/gcf-artifacts","sourceProvenance":{"resolvedStorageSource":{"bucket":"gcf-v2-sources-426857757301-us-central1","object":"app/function-source.zip","generation":"1743959020232260"}},"dockerRegistry":"ARTIFACT_REGISTRY","serviceAccount":"projects/second-srving/serviceAccounts/426857757301-compute@developer.gserviceaccount.com","automaticUpdatePolicy":{}},"serviceConfig":{"service":"projects/second-srving/locations/us-central1/services/app","timeoutSeconds":60,"environmentVariables":{"FIREBASE_CONFIG":"{\"projectId\":\"second-srving\",\"storageBucket\":\"second-srving.firebasestorage.app\"}","GCLOUD_PROJECT":"second-srving","EVENTARC_CLOUD_EVENT_SOURCE":"projects/second-srving/locations/us-central1/services/app","FUNCTION_TARGET":"app","LOG_EXECUTION_ID":"true","FUNCTION_SIGNATURE_TYPE":"http"},"maxInstanceCount":100,"ingressSettings":"ALLOW_ALL","uri":"https://app-o6757irosq-uc.a.run.app","serviceAccountEmail":"426857757301-compute@developer.gserviceaccount.com","availableMemory":"256Mi","allTrafficOnLatestRevision":true,"revision":"app-00086-fij","maxInstanceRequestConcurrency":80,"availableCpu":"1"},"state":"ACTIVE","updateTime":"2025-04-06T17:04:27.187357698Z","labels":{"firebase-functions-hash":"36b2b123f93f83e23aaf40acd20340140da0f53b","deployment-tool":"cli-firebase"},"environment":"GEN_2","url":"https://us-central1-second-srving.cloudfunctions.net/app","createTime":"2025-04-05T21:15:12.136456622Z","satisfiesPzi":true}]}
[info] i  functions: ensuring required API run.googleapis.com is enabled... 
[debug] [2025-04-06T17:07:35.977Z] Checked if tokens are valid: true, expires at: 1743961600318
[debug] [2025-04-06T17:07:35.977Z] Checked if tokens are valid: true, expires at: 1743961600318
[info] i  functions: ensuring required API eventarc.googleapis.com is enabled... 
[debug] [2025-04-06T17:07:35.977Z] Checked if tokens are valid: true, expires at: 1743961600318
[debug] [2025-04-06T17:07:35.977Z] Checked if tokens are valid: true, expires at: 1743961600318
[info] i  functions: ensuring required API pubsub.googleapis.com is enabled... 
[debug] [2025-04-06T17:07:35.978Z] Checked if tokens are valid: true, expires at: 1743961600318
[debug] [2025-04-06T17:07:35.978Z] Checked if tokens are valid: true, expires at: 1743961600318
[info] i  functions: ensuring required API storage.googleapis.com is enabled... 
[debug] [2025-04-06T17:07:35.978Z] Checked if tokens are valid: true, expires at: 1743961600318
[debug] [2025-04-06T17:07:35.978Z] Checked if tokens are valid: true, expires at: 1743961600318
[debug] [2025-04-06T17:07:35.979Z] >>> [apiv2][query] GET https://serviceusage.googleapis.com/v1/projects/second-srving/services/run.googleapis.com [none]
[debug] [2025-04-06T17:07:35.979Z] >>> [apiv2][(partial)header] GET https://serviceusage.googleapis.com/v1/projects/second-srving/services/run.googleapis.com x-goog-quota-user=projects/second-srving
[debug] [2025-04-06T17:07:35.979Z] >>> [apiv2][query] GET https://serviceusage.googleapis.com/v1/projects/second-srving/services/eventarc.googleapis.com [none]
[debug] [2025-04-06T17:07:35.979Z] >>> [apiv2][(partial)header] GET https://serviceusage.googleapis.com/v1/projects/second-srving/services/eventarc.googleapis.com x-goog-quota-user=projects/second-srving
[debug] [2025-04-06T17:07:35.981Z] >>> [apiv2][query] GET https://serviceusage.googleapis.com/v1/projects/second-srving/services/pubsub.googleapis.com [none]
[debug] [2025-04-06T17:07:35.981Z] >>> [apiv2][(partial)header] GET https://serviceusage.googleapis.com/v1/projects/second-srving/services/pubsub.googleapis.com x-goog-quota-user=projects/second-srving
[debug] [2025-04-06T17:07:35.983Z] >>> [apiv2][query] GET https://serviceusage.googleapis.com/v1/projects/second-srving/services/storage.googleapis.com [none]
[debug] [2025-04-06T17:07:35.983Z] >>> [apiv2][(partial)header] GET https://serviceusage.googleapis.com/v1/projects/second-srving/services/storage.googleapis.com x-goog-quota-user=projects/second-srving
[debug] [2025-04-06T17:07:36.302Z] <<< [apiv2][status] GET https://serviceusage.googleapis.com/v1/projects/second-srving/services/run.googleapis.com 200
[debug] [2025-04-06T17:07:36.302Z] <<< [apiv2][body] GET https://serviceusage.googleapis.com/v1/projects/second-srving/services/run.googleapis.com [omitted]
[info] +  functions: required API run.googleapis.com is enabled 
[debug] [2025-04-06T17:07:36.314Z] <<< [apiv2][status] GET https://serviceusage.googleapis.com/v1/projects/second-srving/services/eventarc.googleapis.com 200
[debug] [2025-04-06T17:07:36.315Z] <<< [apiv2][body] GET https://serviceusage.googleapis.com/v1/projects/second-srving/services/eventarc.googleapis.com [omitted]
[info] +  functions: required API eventarc.googleapis.com is enabled 
[debug] [2025-04-06T17:07:36.324Z] <<< [apiv2][status] GET https://serviceusage.googleapis.com/v1/projects/second-srving/services/pubsub.googleapis.com 200
[debug] [2025-04-06T17:07:36.324Z] <<< [apiv2][body] GET https://serviceusage.googleapis.com/v1/projects/second-srving/services/pubsub.googleapis.com [omitted]
[info] +  functions: required API pubsub.googleapis.com is enabled 
[debug] [2025-04-06T17:07:36.332Z] <<< [apiv2][status] GET https://serviceusage.googleapis.com/v1/projects/second-srving/services/storage.googleapis.com 200
[debug] [2025-04-06T17:07:36.333Z] <<< [apiv2][body] GET https://serviceusage.googleapis.com/v1/projects/second-srving/services/storage.googleapis.com [omitted]
[info] +  functions: required API storage.googleapis.com is enabled 
[info] i  functions: generating the service identity for pubsub.googleapis.com... 
[debug] [2025-04-06T17:07:36.334Z] Checked if tokens are valid: true, expires at: 1743961600318
[debug] [2025-04-06T17:07:36.334Z] Checked if tokens are valid: true, expires at: 1743961600318
[info] i  functions: generating the service identity for eventarc.googleapis.com... 
[debug] [2025-04-06T17:07:36.335Z] Checked if tokens are valid: true, expires at: 1743961600318
[debug] [2025-04-06T17:07:36.335Z] Checked if tokens are valid: true, expires at: 1743961600318
[debug] [2025-04-06T17:07:36.335Z] >>> [apiv2][query] POST https://serviceusage.googleapis.com/v1beta1/projects/426857757301/services/pubsub.googleapis.com:generateServiceIdentity [none]
[debug] [2025-04-06T17:07:36.336Z] >>> [apiv2][query] POST https://serviceusage.googleapis.com/v1beta1/projects/426857757301/services/eventarc.googleapis.com:generateServiceIdentity [none]
[debug] [2025-04-06T17:07:36.555Z] <<< [apiv2][status] POST https://serviceusage.googleapis.com/v1beta1/projects/426857757301/services/pubsub.googleapis.com:generateServiceIdentity 200
[debug] [2025-04-06T17:07:36.555Z] <<< [apiv2][body] POST https://serviceusage.googleapis.com/v1beta1/projects/426857757301/services/pubsub.googleapis.com:generateServiceIdentity {"name":"operations/finished.DONE_OPERATION","done":true,"response":{"@type":"type.googleapis.com/google.api.serviceusage.v1beta1.ServiceIdentity","email":"service-426857757301@gcp-sa-pubsub.iam.gserviceaccount.com","uniqueId":"107689212076639890172"}}
[debug] [2025-04-06T17:07:36.687Z] <<< [apiv2][status] POST https://serviceusage.googleapis.com/v1beta1/projects/426857757301/services/eventarc.googleapis.com:generateServiceIdentity 200
[debug] [2025-04-06T17:07:36.687Z] <<< [apiv2][body] POST https://serviceusage.googleapis.com/v1beta1/projects/426857757301/services/eventarc.googleapis.com:generateServiceIdentity {"name":"operations/finished.DONE_OPERATION","done":true,"response":{"@type":"type.googleapis.com/google.api.serviceusage.v1beta1.ServiceIdentity","email":"service-426857757301@gcp-sa-eventarc.iam.gserviceaccount.com","uniqueId":"112089831850073015785"}}
[debug] [2025-04-06T17:07:36.689Z] Checked if tokens are valid: true, expires at: 1743961600318
[debug] [2025-04-06T17:07:36.689Z] Checked if tokens are valid: true, expires at: 1743961600318
[debug] [2025-04-06T17:07:36.689Z] >>> [apiv2][query] GET https://cloudresourcemanager.googleapis.com/v1/projects/second-srving [none]
[debug] [2025-04-06T17:07:36.799Z] <<< [apiv2][status] GET https://cloudresourcemanager.googleapis.com/v1/projects/second-srving 200
[debug] [2025-04-06T17:07:36.799Z] <<< [apiv2][body] GET https://cloudresourcemanager.googleapis.com/v1/projects/second-srving {"projectNumber":"426857757301","projectId":"second-srving","lifecycleState":"ACTIVE","name":"Second srving","labels":{"firebase":"enabled","firebase-core":"disabled"},"createTime":"2025-04-05T19:11:28.881021Z"}
[debug] [2025-04-06T17:07:36.800Z] Checked if tokens are valid: true, expires at: 1743961600318
[debug] [2025-04-06T17:07:36.800Z] Checked if tokens are valid: true, expires at: 1743961600318
[debug] [2025-04-06T17:07:36.801Z] >>> [apiv2][query] GET https://cloudbilling.googleapis.com/v1/projects/second-srving/billingInfo [none]
[debug] [2025-04-06T17:07:36.949Z] <<< [apiv2][status] GET https://cloudbilling.googleapis.com/v1/projects/second-srving/billingInfo 200
[debug] [2025-04-06T17:07:36.949Z] <<< [apiv2][body] GET https://cloudbilling.googleapis.com/v1/projects/second-srving/billingInfo {"name":"projects/second-srving/billingInfo","projectId":"second-srving","billingAccountName":"billingAccounts/01B5E2-D0C63F-A3B91E","billingEnabled":true}
[debug] [2025-04-06T17:07:36.951Z] Checked if tokens are valid: true, expires at: 1743961600318
[debug] [2025-04-06T17:07:36.952Z] Checked if tokens are valid: true, expires at: 1743961600318
[debug] [2025-04-06T17:07:36.952Z] >>> [apiv2][query] POST https://cloudfunctions.googleapis.com/v2/projects/second-srving/locations/us-central1/functions:generateUploadUrl [none]
[debug] [2025-04-06T17:07:37.115Z] <<< [apiv2][status] POST https://cloudfunctions.googleapis.com/v2/projects/second-srving/locations/us-central1/functions:generateUploadUrl 200
[debug] [2025-04-06T17:07:37.115Z] <<< [apiv2][body] POST https://cloudfunctions.googleapis.com/v2/projects/second-srving/locations/us-central1/functions:generateUploadUrl {"uploadUrl":"https://storage.googleapis.com/gcf-v2-uploads-426857757301.us-central1.cloudfunctions.appspot.com/f463d653-17b3-4fc9-9891-60c450bd3aeb.zip?GoogleAccessId=service-426857757301@gcf-admin-robot.iam.gserviceaccount.com&Expires=1743961049&Signature=BCOQPgWTLHEDRaNov%2FJOi3BHS3W%2FSrbaPwWbzyAxizcnuIhQ78xpqT%2BXkFo7%2FK1tq8R%2Fkz65CNXx449sMMZXG4pm3im2jNMQ3MzpZVd7ZApiZUCrdGG2lZ8h3Nn0al2VP1KDCQTAYa2ZZdkKbu6rdZLNtHjkmaPoZ9KtfEPYrvQYXos7%2Br%2BXohq%2FGreGPfWlq9ZEoISMX6%2FU5spyrNYoU40ugRr7U66pBEIOawlEkx1w0VdDBmZBPFcstzV6Eq58oEUWY%2BI2rH1ndki28odC6NgiFnzebQZLgqiEk0JJKryGE%2BYJDcgMDi%2BDKK9iicKzU4Ho%2FjLLKIsI%2Fk9%2BXbZBrA%3D%3D","storageSource":{"bucket":"gcf-v2-uploads-426857757301.us-central1.cloudfunctions.appspot.com","object":"f463d653-17b3-4fc9-9891-60c450bd3aeb.zip"}}
[debug] [2025-04-06T17:07:37.116Z] >>> [apiv2][query] PUT https://storage.googleapis.com/gcf-v2-uploads-426857757301.us-central1.cloudfunctions.appspot.com/f463d653-17b3-4fc9-9891-60c450bd3aeb.zip GoogleAccessId=service-426857757301%40gcf-admin-robot.iam.gserviceaccount.com&Expires=1743961049&Signature=BCOQPgWTLHEDRaNov%2FJOi3BHS3W%2FSrbaPwWbzyAxizcnuIhQ78xpqT%2BXkFo7%2FK1tq8R%2Fkz65CNXx449sMMZXG4pm3im2jNMQ3MzpZVd7ZApiZUCrdGG2lZ8h3Nn0al2VP1KDCQTAYa2ZZdkKbu6rdZLNtHjkmaPoZ9KtfEPYrvQYXos7%2Br%2BXohq%2FGreGPfWlq9ZEoISMX6%2FU5spyrNYoU40ugRr7U66pBEIOawlEkx1w0VdDBmZBPFcstzV6Eq58oEUWY%2BI2rH1ndki28odC6NgiFnzebQZLgqiEk0JJKryGE%2BYJDcgMDi%2BDKK9iicKzU4Ho%2FjLLKIsI%2Fk9%2BXbZBrA%3D%3D
[debug] [2025-04-06T17:07:37.117Z] >>> [apiv2][body] PUT https://storage.googleapis.com/gcf-v2-uploads-426857757301.us-central1.cloudfunctions.appspot.com/f463d653-17b3-4fc9-9891-60c450bd3aeb.zip [stream]
[debug] [2025-04-06T17:07:37.552Z] <<< [apiv2][status] PUT https://storage.googleapis.com/gcf-v2-uploads-426857757301.us-central1.cloudfunctions.appspot.com/f463d653-17b3-4fc9-9891-60c450bd3aeb.zip 200
[debug] [2025-04-06T17:07:37.552Z] <<< [apiv2][body] PUT https://storage.googleapis.com/gcf-v2-uploads-426857757301.us-central1.cloudfunctions.appspot.com/f463d653-17b3-4fc9-9891-60c450bd3aeb.zip [omitted]
[info] +  functions: functions folder uploaded successfully 
[info] i  functions: updating Node.js 22 (2nd Gen) function app(us-central1)... 
[debug] [2025-04-06T17:07:37.558Z] Checked if tokens are valid: true, expires at: 1743961600318
[debug] [2025-04-06T17:07:37.558Z] Checked if tokens are valid: true, expires at: 1743961600318
[debug] [2025-04-06T17:07:37.558Z] >>> [apiv2][query] PATCH https://cloudfunctions.googleapis.com/v2/projects/second-srving/locations/us-central1/functions/app updateMask=name%2CbuildConfig.runtime%2CbuildConfig.entryPoint%2CbuildConfig.source.storageSource.bucket%2CbuildConfig.source.storageSource.object%2CbuildConfig.environmentVariables%2CbuildConfig.sourceToken%2CserviceConfig.environmentVariables%2CserviceConfig.ingressSettings%2CserviceConfig.timeoutSeconds%2CserviceConfig.serviceAccountEmail%2CserviceConfig.availableMemory%2CserviceConfig.minInstanceCount%2CserviceConfig.maxInstanceCount%2CserviceConfig.maxInstanceRequestConcurrency%2CserviceConfig.availableCpu%2CserviceConfig.vpcConnector%2CserviceConfig.vpcConnectorEgressSettings%2Clabels%2CbuildConfig.buildEnvironmentVariables
[debug] [2025-04-06T17:07:37.558Z] >>> [apiv2][body] PATCH https://cloudfunctions.googleapis.com/v2/projects/second-srving/locations/us-central1/functions/app {"name":"projects/second-srving/locations/us-central1/functions/app","buildConfig":{"runtime":"nodejs22","entryPoint":"app","source":{"storageSource":{"bucket":"gcf-v2-uploads-426857757301.us-central1.cloudfunctions.appspot.com","object":"f463d653-17b3-4fc9-9891-60c450bd3aeb.zip"}},"environmentVariables":{"GOOGLE_NODE_RUN_SCRIPTS":""}},"serviceConfig":{"environmentVariables":{"FIREBASE_CONFIG":"{\"projectId\":\"second-srving\",\"storageBucket\":\"second-srving.firebasestorage.app\"}","GCLOUD_PROJECT":"second-srving","EVENTARC_CLOUD_EVENT_SOURCE":"projects/second-srving/locations/us-central1/services/app","FUNCTION_TARGET":"app","LOG_EXECUTION_ID":"true","FUNCTION_SIGNATURE_TYPE":"http"},"ingressSettings":null,"timeoutSeconds":null,"serviceAccountEmail":null,"availableMemory":"256Mi","minInstanceCount":null,"maxInstanceCount":null,"maxInstanceRequestConcurrency":80,"availableCpu":"1","vpcConnector":null,"vpcConnectorEgressSettings":null},"labels":{"deployment-tool":"cli-firebase","firebase-functions-hash":"720f7432ef7b8bb9bf1a52cb5fc7fffb15b4776c"}}
[debug] [2025-04-06T17:07:38.478Z] <<< [apiv2][status] PATCH https://cloudfunctions.googleapis.com/v2/projects/second-srving/locations/us-central1/functions/app 200
[debug] [2025-04-06T17:07:38.479Z] <<< [apiv2][body] PATCH https://cloudfunctions.googleapis.com/v2/projects/second-srving/locations/us-central1/functions/app {"name":"projects/second-srving/locations/us-central1/operations/operation-1743959250062-6321f279a4b8c-338ba097-efe844af","metadata":{"@type":"type.googleapis.com/google.cloud.functions.v2.OperationMetadata","createTime":"2025-04-06T17:07:30.861944808Z","target":"projects/second-srving/locations/us-central1/functions/app","verb":"update","cancelRequested":false,"apiVersion":"v2"},"done":false}
[debug] [2025-04-06T17:07:38.479Z] Checked if tokens are valid: true, expires at: 1743961600318
[debug] [2025-04-06T17:07:38.479Z] Checked if tokens are valid: true, expires at: 1743961600318
[debug] [2025-04-06T17:07:38.480Z] >>> [apiv2][query] GET https://cloudfunctions.googleapis.com/v2/projects/second-srving/locations/us-central1/operations/operation-1743959250062-6321f279a4b8c-338ba097-efe844af [none]
[debug] [2025-04-06T17:07:38.573Z] <<< [apiv2][status] GET https://cloudfunctions.googleapis.com/v2/projects/second-srving/locations/us-central1/operations/operation-1743959250062-6321f279a4b8c-338ba097-efe844af 200
[debug] [2025-04-06T17:07:38.573Z] <<< [apiv2][body] GET https://cloudfunctions.googleapis.com/v2/projects/second-srving/locations/us-central1/operations/operation-1743959250062-6321f279a4b8c-338ba097-efe844af {"name":"projects/second-srving/locations/us-central1/operations/operation-1743959250062-6321f279a4b8c-338ba097-efe844af","metadata":{"@type":"type.googleapis.com/google.cloud.functions.v2.OperationMetadata","createTime":"2025-04-06T17:07:30.861944808Z","target":"projects/second-srving/locations/us-central1/functions/app","verb":"update","cancelRequested":false,"apiVersion":"v2"},"done":false}
[debug] [2025-04-06T17:07:39.080Z] [update-default-us-central1-app] Retrying task index 0
[debug] [2025-04-06T17:07:39.081Z] Checked if tokens are valid: true, expires at: 1743961600318
[debug] [2025-04-06T17:07:39.081Z] Checked if tokens are valid: true, expires at: 1743961600318
[debug] [2025-04-06T17:07:39.081Z] >>> [apiv2][query] GET https://cloudfunctions.googleapis.com/v2/projects/second-srving/locations/us-central1/operations/operation-1743959250062-6321f279a4b8c-338ba097-efe844af [none]
[debug] [2025-04-06T17:07:39.193Z] <<< [apiv2][status] GET https://cloudfunctions.googleapis.com/v2/projects/second-srving/locations/us-central1/operations/operation-1743959250062-6321f279a4b8c-338ba097-efe844af 200
[debug] [2025-04-06T17:07:39.193Z] <<< [apiv2][body] GET https://cloudfunctions.googleapis.com/v2/projects/second-srving/locations/us-central1/operations/operation-1743959250062-6321f279a4b8c-338ba097-efe844af {"name":"projects/second-srving/locations/us-central1/operations/operation-1743959250062-6321f279a4b8c-338ba097-efe844af","metadata":{"@type":"type.googleapis.com/google.cloud.functions.v2.OperationMetadata","createTime":"2025-04-06T17:07:30.861944808Z","target":"projects/second-srving/locations/us-central1/functions/app","verb":"update","cancelRequested":false,"apiVersion":"v2","requestResource":{"@type":"type.googleapis.com/google.cloud.functions.v2.Function","name":"projects/second-srving/locations/us-central1/functions/app","buildConfig":{"runtime":"nodejs22","entryPoint":"app","source":{"storageSource":{"bucket":"gcf-v2-sources-426857757301-us-central1","object":"app/function-source.zip","generation":"1743959250805079"}},"environmentVariables":{"GOOGLE_NODE_RUN_SCRIPTS":""},"dockerRepository":"projects/second-srving/locations/us-central1/repositories/gcf-artifacts","sourceProvenance":{"resolvedStorageSource":{"bucket":"gcf-v2-sources-426857757301-us-central1","object":"app/function-source.zip","generation":"1743959020232260"}},"dockerRegistry":"ARTIFACT_REGISTRY","serviceAccount":"projects/second-srving/serviceAccounts/426857757301-compute@developer.gserviceaccount.com","automaticUpdatePolicy":{}},"serviceConfig":{"service":"projects/second-srving/locations/us-central1/services/app","timeoutSeconds":60,"environmentVariables":{"FIREBASE_CONFIG":"{\"projectId\":\"second-srving\",\"storageBucket\":\"second-srving.firebasestorage.app\"}","GCLOUD_PROJECT":"second-srving","EVENTARC_CLOUD_EVENT_SOURCE":"projects/second-srving/locations/us-central1/services/app","FUNCTION_TARGET":"app","LOG_EXECUTION_ID":"true","FUNCTION_SIGNATURE_TYPE":"http"},"ingressSettings":"ALLOW_ALL","uri":"https://app-o6757irosq-uc.a.run.app","serviceAccountEmail":"426857757301-compute@developer.gserviceaccount.com","availableMemory":"256Mi","allTrafficOnLatestRevision":true,"revision":"app-00086-fij","maxInstanceRequestConcurrency":80,"availableCpu":"1"},"state":"ACTIVE","labels":{"deployment-tool":"cli-firebase","firebase-functions-hash":"720f7432ef7b8bb9bf1a52cb5fc7fffb15b4776c"},"environment":"GEN_2","url":"https://us-central1-second-srving.cloudfunctions.net/app","satisfiesPzi":true},"stages":[{"name":"BUILD","state":"NOT_STARTED"},{"name":"SERVICE","state":"NOT_STARTED"}],"operationType":"UPDATE_FUNCTION"},"done":false}
[debug] [2025-04-06T17:07:40.206Z] [update-default-us-central1-app] Retrying task index 0
[debug] [2025-04-06T17:07:40.207Z] Checked if tokens are valid: true, expires at: 1743961600318
[debug] [2025-04-06T17:07:40.207Z] Checked if tokens are valid: true, expires at: 1743961600318
[debug] [2025-04-06T17:07:40.207Z] >>> [apiv2][query] GET https://cloudfunctions.googleapis.com/v2/projects/second-srving/locations/us-central1/operations/operation-1743959250062-6321f279a4b8c-338ba097-efe844af [none]
[debug] [2025-04-06T17:07:40.528Z] <<< [apiv2][status] GET https://cloudfunctions.googleapis.com/v2/projects/second-srving/locations/us-central1/operations/operation-1743959250062-6321f279a4b8c-338ba097-efe844af 200
[debug] [2025-04-06T17:07:40.528Z] <<< [apiv2][body] GET https://cloudfunctions.googleapis.com/v2/projects/second-srving/locations/us-central1/operations/operation-1743959250062-6321f279a4b8c-338ba097-efe844af {"name":"projects/second-srving/locations/us-central1/operations/operation-1743959250062-6321f279a4b8c-338ba097-efe844af","metadata":{"@type":"type.googleapis.com/google.cloud.functions.v2.OperationMetadata","createTime":"2025-04-06T17:07:30.861944808Z","target":"projects/second-srving/locations/us-central1/functions/app","verb":"update","cancelRequested":false,"apiVersion":"v2","requestResource":{"@type":"type.googleapis.com/google.cloud.functions.v2.Function","name":"projects/second-srving/locations/us-central1/functions/app","buildConfig":{"runtime":"nodejs22","entryPoint":"app","source":{"storageSource":{"bucket":"gcf-v2-sources-426857757301-us-central1","object":"app/function-source.zip","generation":"1743959250805079"}},"environmentVariables":{"GOOGLE_NODE_RUN_SCRIPTS":""},"dockerRepository":"projects/second-srving/locations/us-central1/repositories/gcf-artifacts","sourceProvenance":{"resolvedStorageSource":{"bucket":"gcf-v2-sources-426857757301-us-central1","object":"app/function-source.zip","generation":"1743959020232260"}},"dockerRegistry":"ARTIFACT_REGISTRY","serviceAccount":"projects/second-srving/serviceAccounts/426857757301-compute@developer.gserviceaccount.com","automaticUpdatePolicy":{}},"serviceConfig":{"service":"projects/second-srving/locations/us-central1/services/app","timeoutSeconds":60,"environmentVariables":{"FIREBASE_CONFIG":"{\"projectId\":\"second-srving\",\"storageBucket\":\"second-srving.firebasestorage.app\"}","GCLOUD_PROJECT":"second-srving","EVENTARC_CLOUD_EVENT_SOURCE":"projects/second-srving/locations/us-central1/services/app","FUNCTION_TARGET":"app","LOG_EXECUTION_ID":"true","FUNCTION_SIGNATURE_TYPE":"http"},"ingressSettings":"ALLOW_ALL","uri":"https://app-o6757irosq-uc.a.run.app","serviceAccountEmail":"426857757301-compute@developer.gserviceaccount.com","availableMemory":"256Mi","allTrafficOnLatestRevision":true,"revision":"app-00086-fij","maxInstanceRequestConcurrency":80,"availableCpu":"1"},"state":"ACTIVE","labels":{"deployment-tool":"cli-firebase","firebase-functions-hash":"720f7432ef7b8bb9bf1a52cb5fc7fffb15b4776c"},"environment":"GEN_2","url":"https://us-central1-second-srving.cloudfunctions.net/app","satisfiesPzi":true},"stages":[{"name":"BUILD","message":"Build in progress","state":"IN_PROGRESS","resource":"projects/426857757301/locations/us-central1/builds/e3fbd505-ae3b-4f56-90c9-14ae1792f1f0","resourceUri":"https://console.cloud.google.com/cloud-build/builds;region=us-central1/e3fbd505-ae3b-4f56-90c9-14ae1792f1f0?project=426857757301"},{"name":"SERVICE","state":"NOT_STARTED"}],"operationType":"UPDATE_FUNCTION","buildName":"projects/426857757301/locations/us-central1/builds/e3fbd505-ae3b-4f56-90c9-14ae1792f1f0"},"done":false}
[debug] [2025-04-06T17:07:42.544Z] [update-default-us-central1-app] Retrying task index 0
[debug] [2025-04-06T17:07:42.544Z] Checked if tokens are valid: true, expires at: 1743961600318
[debug] [2025-04-06T17:07:42.544Z] Checked if tokens are valid: true, expires at: 1743961600318
[debug] [2025-04-06T17:07:42.545Z] >>> [apiv2][query] GET https://cloudfunctions.googleapis.com/v2/projects/second-srving/locations/us-central1/operations/operation-1743959250062-6321f279a4b8c-338ba097-efe844af [none]
[debug] [2025-04-06T17:07:42.651Z] <<< [apiv2][status] GET https://cloudfunctions.googleapis.com/v2/projects/second-srving/locations/us-central1/operations/operation-1743959250062-6321f279a4b8c-338ba097-efe844af 200
[debug] [2025-04-06T17:07:42.652Z] <<< [apiv2][body] GET https://cloudfunctions.googleapis.com/v2/projects/second-srving/locations/us-central1/operations/operation-1743959250062-6321f279a4b8c-338ba097-efe844af {"name":"projects/second-srving/locations/us-central1/operations/operation-1743959250062-6321f279a4b8c-338ba097-efe844af","metadata":{"@type":"type.googleapis.com/google.cloud.functions.v2.OperationMetadata","createTime":"2025-04-06T17:07:30.861944808Z","target":"projects/second-srving/locations/us-central1/functions/app","verb":"update","cancelRequested":false,"apiVersion":"v2","requestResource":{"@type":"type.googleapis.com/google.cloud.functions.v2.Function","name":"projects/second-srving/locations/us-central1/functions/app","buildConfig":{"runtime":"nodejs22","entryPoint":"app","source":{"storageSource":{"bucket":"gcf-v2-sources-426857757301-us-central1","object":"app/function-source.zip","generation":"1743959250805079"}},"environmentVariables":{"GOOGLE_NODE_RUN_SCRIPTS":""},"dockerRepository":"projects/second-srving/locations/us-central1/repositories/gcf-artifacts","sourceProvenance":{"resolvedStorageSource":{"bucket":"gcf-v2-sources-426857757301-us-central1","object":"app/function-source.zip","generation":"1743959020232260"}},"dockerRegistry":"ARTIFACT_REGISTRY","serviceAccount":"projects/second-srving/serviceAccounts/426857757301-compute@developer.gserviceaccount.com","automaticUpdatePolicy":{}},"serviceConfig":{"service":"projects/second-srving/locations/us-central1/services/app","timeoutSeconds":60,"environmentVariables":{"FIREBASE_CONFIG":"{\"projectId\":\"second-srving\",\"storageBucket\":\"second-srving.firebasestorage.app\"}","GCLOUD_PROJECT":"second-srving","EVENTARC_CLOUD_EVENT_SOURCE":"projects/second-srving/locations/us-central1/services/app","FUNCTION_TARGET":"app","LOG_EXECUTION_ID":"true","FUNCTION_SIGNATURE_TYPE":"http"},"ingressSettings":"ALLOW_ALL","uri":"https://app-o6757irosq-uc.a.run.app","serviceAccountEmail":"426857757301-compute@developer.gserviceaccount.com","availableMemory":"256Mi","allTrafficOnLatestRevision":true,"revision":"app-00086-fij","maxInstanceRequestConcurrency":80,"availableCpu":"1"},"state":"ACTIVE","labels":{"deployment-tool":"cli-firebase","firebase-functions-hash":"720f7432ef7b8bb9bf1a52cb5fc7fffb15b4776c"},"environment":"GEN_2","url":"https://us-central1-second-srving.cloudfunctions.net/app","satisfiesPzi":true},"stages":[{"name":"BUILD","message":"Build in progress","state":"IN_PROGRESS","resource":"projects/426857757301/locations/us-central1/builds/e3fbd505-ae3b-4f56-90c9-14ae1792f1f0","resourceUri":"https://console.cloud.google.com/cloud-build/builds;region=us-central1/e3fbd505-ae3b-4f56-90c9-14ae1792f1f0?project=426857757301"},{"name":"SERVICE","state":"NOT_STARTED"}],"operationType":"UPDATE_FUNCTION","buildName":"projects/426857757301/locations/us-central1/builds/e3fbd505-ae3b-4f56-90c9-14ae1792f1f0"},"done":false}
[debug] [2025-04-06T17:07:46.658Z] [update-default-us-central1-app] Retrying task index 0
[debug] [2025-04-06T17:07:46.658Z] Checked if tokens are valid: true, expires at: 1743961600318
[debug] [2025-04-06T17:07:46.658Z] Checked if tokens are valid: true, expires at: 1743961600318
[debug] [2025-04-06T17:07:46.659Z] >>> [apiv2][query] GET https://cloudfunctions.googleapis.com/v2/projects/second-srving/locations/us-central1/operations/operation-1743959250062-6321f279a4b8c-338ba097-efe844af [none]
[debug] [2025-04-06T17:07:46.982Z] <<< [apiv2][status] GET https://cloudfunctions.googleapis.com/v2/projects/second-srving/locations/us-central1/operations/operation-1743959250062-6321f279a4b8c-338ba097-efe844af 200
[debug] [2025-04-06T17:07:46.982Z] <<< [apiv2][body] GET https://cloudfunctions.googleapis.com/v2/projects/second-srving/locations/us-central1/operations/operation-1743959250062-6321f279a4b8c-338ba097-efe844af {"name":"projects/second-srving/locations/us-central1/operations/operation-1743959250062-6321f279a4b8c-338ba097-efe844af","metadata":{"@type":"type.googleapis.com/google.cloud.functions.v2.OperationMetadata","createTime":"2025-04-06T17:07:30.861944808Z","target":"projects/second-srving/locations/us-central1/functions/app","verb":"update","cancelRequested":false,"apiVersion":"v2","requestResource":{"@type":"type.googleapis.com/google.cloud.functions.v2.Function","name":"projects/second-srving/locations/us-central1/functions/app","buildConfig":{"runtime":"nodejs22","entryPoint":"app","source":{"storageSource":{"bucket":"gcf-v2-sources-426857757301-us-central1","object":"app/function-source.zip","generation":"1743959250805079"}},"environmentVariables":{"GOOGLE_NODE_RUN_SCRIPTS":""},"dockerRepository":"projects/second-srving/locations/us-central1/repositories/gcf-artifacts","sourceProvenance":{"resolvedStorageSource":{"bucket":"gcf-v2-sources-426857757301-us-central1","object":"app/function-source.zip","generation":"1743959020232260"}},"dockerRegistry":"ARTIFACT_REGISTRY","serviceAccount":"projects/second-srving/serviceAccounts/426857757301-compute@developer.gserviceaccount.com","automaticUpdatePolicy":{}},"serviceConfig":{"service":"projects/second-srving/locations/us-central1/services/app","timeoutSeconds":60,"environmentVariables":{"FIREBASE_CONFIG":"{\"projectId\":\"second-srving\",\"storageBucket\":\"second-srving.firebasestorage.app\"}","GCLOUD_PROJECT":"second-srving","EVENTARC_CLOUD_EVENT_SOURCE":"projects/second-srving/locations/us-central1/services/app","FUNCTION_TARGET":"app","LOG_EXECUTION_ID":"true","FUNCTION_SIGNATURE_TYPE":"http"},"ingressSettings":"ALLOW_ALL","uri":"https://app-o6757irosq-uc.a.run.app","serviceAccountEmail":"426857757301-compute@developer.gserviceaccount.com","availableMemory":"256Mi","allTrafficOnLatestRevision":true,"revision":"app-00086-fij","maxInstanceRequestConcurrency":80,"availableCpu":"1"},"state":"ACTIVE","labels":{"deployment-tool":"cli-firebase","firebase-functions-hash":"720f7432ef7b8bb9bf1a52cb5fc7fffb15b4776c"},"environment":"GEN_2","url":"https://us-central1-second-srving.cloudfunctions.net/app","satisfiesPzi":true},"stages":[{"name":"BUILD","message":"Build in progress","state":"IN_PROGRESS","resource":"projects/426857757301/locations/us-central1/builds/e3fbd505-ae3b-4f56-90c9-14ae1792f1f0","resourceUri":"https://console.cloud.google.com/cloud-build/builds;region=us-central1/e3fbd505-ae3b-4f56-90c9-14ae1792f1f0?project=426857757301"},{"name":"SERVICE","state":"NOT_STARTED"}],"operationType":"UPDATE_FUNCTION","buildName":"projects/426857757301/locations/us-central1/builds/e3fbd505-ae3b-4f56-90c9-14ae1792f1f0"},"done":false}
[debug] [2025-04-06T17:07:54.989Z] [update-default-us-central1-app] Retrying task index 0
[debug] [2025-04-06T17:07:54.991Z] Checked if tokens are valid: true, expires at: 1743961600318
[debug] [2025-04-06T17:07:54.991Z] Checked if tokens are valid: true, expires at: 1743961600318
[debug] [2025-04-06T17:07:54.991Z] >>> [apiv2][query] GET https://cloudfunctions.googleapis.com/v2/projects/second-srving/locations/us-central1/operations/operation-1743959250062-6321f279a4b8c-338ba097-efe844af [none]
[debug] [2025-04-06T17:07:55.330Z] <<< [apiv2][status] GET https://cloudfunctions.googleapis.com/v2/projects/second-srving/locations/us-central1/operations/operation-1743959250062-6321f279a4b8c-338ba097-efe844af 200
[debug] [2025-04-06T17:07:55.330Z] <<< [apiv2][body] GET https://cloudfunctions.googleapis.com/v2/projects/second-srving/locations/us-central1/operations/operation-1743959250062-6321f279a4b8c-338ba097-efe844af {"name":"projects/second-srving/locations/us-central1/operations/operation-1743959250062-6321f279a4b8c-338ba097-efe844af","metadata":{"@type":"type.googleapis.com/google.cloud.functions.v2.OperationMetadata","createTime":"2025-04-06T17:07:30.861944808Z","target":"projects/second-srving/locations/us-central1/functions/app","verb":"update","cancelRequested":false,"apiVersion":"v2","requestResource":{"@type":"type.googleapis.com/google.cloud.functions.v2.Function","name":"projects/second-srving/locations/us-central1/functions/app","buildConfig":{"runtime":"nodejs22","entryPoint":"app","source":{"storageSource":{"bucket":"gcf-v2-sources-426857757301-us-central1","object":"app/function-source.zip","generation":"1743959250805079"}},"environmentVariables":{"GOOGLE_NODE_RUN_SCRIPTS":""},"dockerRepository":"projects/second-srving/locations/us-central1/repositories/gcf-artifacts","sourceProvenance":{"resolvedStorageSource":{"bucket":"gcf-v2-sources-426857757301-us-central1","object":"app/function-source.zip","generation":"1743959020232260"}},"dockerRegistry":"ARTIFACT_REGISTRY","serviceAccount":"projects/second-srving/serviceAccounts/426857757301-compute@developer.gserviceaccount.com","automaticUpdatePolicy":{}},"serviceConfig":{"service":"projects/second-srving/locations/us-central1/services/app","timeoutSeconds":60,"environmentVariables":{"FIREBASE_CONFIG":"{\"projectId\":\"second-srving\",\"storageBucket\":\"second-srving.firebasestorage.app\"}","GCLOUD_PROJECT":"second-srving","EVENTARC_CLOUD_EVENT_SOURCE":"projects/second-srving/locations/us-central1/services/app","FUNCTION_TARGET":"app","LOG_EXECUTION_ID":"true","FUNCTION_SIGNATURE_TYPE":"http"},"ingressSettings":"ALLOW_ALL","uri":"https://app-o6757irosq-uc.a.run.app","serviceAccountEmail":"426857757301-compute@developer.gserviceaccount.com","availableMemory":"256Mi","allTrafficOnLatestRevision":true,"revision":"app-00086-fij","maxInstanceRequestConcurrency":80,"availableCpu":"1"},"state":"ACTIVE","labels":{"deployment-tool":"cli-firebase","firebase-functions-hash":"720f7432ef7b8bb9bf1a52cb5fc7fffb15b4776c"},"environment":"GEN_2","url":"https://us-central1-second-srving.cloudfunctions.net/app","satisfiesPzi":true},"stages":[{"name":"BUILD","message":"Build in progress","state":"IN_PROGRESS","resource":"projects/426857757301/locations/us-central1/builds/e3fbd505-ae3b-4f56-90c9-14ae1792f1f0","resourceUri":"https://console.cloud.google.com/cloud-build/builds;region=us-central1/e3fbd505-ae3b-4f56-90c9-14ae1792f1f0?project=426857757301"},{"name":"SERVICE","state":"NOT_STARTED"}],"operationType":"UPDATE_FUNCTION","buildName":"projects/426857757301/locations/us-central1/builds/e3fbd505-ae3b-4f56-90c9-14ae1792f1f0"},"done":false}
[debug] [2025-04-06T17:08:05.344Z] [update-default-us-central1-app] Retrying task index 0
[debug] [2025-04-06T17:08:05.345Z] Checked if tokens are valid: true, expires at: 1743961600318
[debug] [2025-04-06T17:08:05.345Z] Checked if tokens are valid: true, expires at: 1743961600318
[debug] [2025-04-06T17:08:05.345Z] >>> [apiv2][query] GET https://cloudfunctions.googleapis.com/v2/projects/second-srving/locations/us-central1/operations/operation-1743959250062-6321f279a4b8c-338ba097-efe844af [none]
[debug] [2025-04-06T17:08:05.471Z] <<< [apiv2][status] GET https://cloudfunctions.googleapis.com/v2/projects/second-srving/locations/us-central1/operations/operation-1743959250062-6321f279a4b8c-338ba097-efe844af 200
[debug] [2025-04-06T17:08:05.472Z] <<< [apiv2][body] GET https://cloudfunctions.googleapis.com/v2/projects/second-srving/locations/us-central1/operations/operation-1743959250062-6321f279a4b8c-338ba097-efe844af {"name":"projects/second-srving/locations/us-central1/operations/operation-1743959250062-6321f279a4b8c-338ba097-efe844af","metadata":{"@type":"type.googleapis.com/google.cloud.functions.v2.OperationMetadata","createTime":"2025-04-06T17:07:30.861944808Z","target":"projects/second-srving/locations/us-central1/functions/app","verb":"update","cancelRequested":false,"apiVersion":"v2","requestResource":{"@type":"type.googleapis.com/google.cloud.functions.v2.Function","name":"projects/second-srving/locations/us-central1/functions/app","buildConfig":{"runtime":"nodejs22","entryPoint":"app","source":{"storageSource":{"bucket":"gcf-v2-sources-426857757301-us-central1","object":"app/function-source.zip","generation":"1743959250805079"}},"environmentVariables":{"GOOGLE_NODE_RUN_SCRIPTS":""},"dockerRepository":"projects/second-srving/locations/us-central1/repositories/gcf-artifacts","sourceProvenance":{"resolvedStorageSource":{"bucket":"gcf-v2-sources-426857757301-us-central1","object":"app/function-source.zip","generation":"1743959020232260"}},"dockerRegistry":"ARTIFACT_REGISTRY","serviceAccount":"projects/second-srving/serviceAccounts/426857757301-compute@developer.gserviceaccount.com","automaticUpdatePolicy":{}},"serviceConfig":{"service":"projects/second-srving/locations/us-central1/services/app","timeoutSeconds":60,"environmentVariables":{"FIREBASE_CONFIG":"{\"projectId\":\"second-srving\",\"storageBucket\":\"second-srving.firebasestorage.app\"}","GCLOUD_PROJECT":"second-srving","EVENTARC_CLOUD_EVENT_SOURCE":"projects/second-srving/locations/us-central1/services/app","FUNCTION_TARGET":"app","LOG_EXECUTION_ID":"true","FUNCTION_SIGNATURE_TYPE":"http"},"ingressSettings":"ALLOW_ALL","uri":"https://app-o6757irosq-uc.a.run.app","serviceAccountEmail":"426857757301-compute@developer.gserviceaccount.com","availableMemory":"256Mi","allTrafficOnLatestRevision":true,"revision":"app-00086-fij","maxInstanceRequestConcurrency":80,"availableCpu":"1"},"state":"ACTIVE","labels":{"deployment-tool":"cli-firebase","firebase-functions-hash":"720f7432ef7b8bb9bf1a52cb5fc7fffb15b4776c"},"environment":"GEN_2","url":"https://us-central1-second-srving.cloudfunctions.net/app","satisfiesPzi":true},"stages":[{"name":"BUILD","message":"Build in progress","state":"IN_PROGRESS","resource":"projects/426857757301/locations/us-central1/builds/e3fbd505-ae3b-4f56-90c9-14ae1792f1f0","resourceUri":"https://console.cloud.google.com/cloud-build/builds;region=us-central1/e3fbd505-ae3b-4f56-90c9-14ae1792f1f0?project=426857757301"},{"name":"SERVICE","state":"NOT_STARTED"}],"operationType":"UPDATE_FUNCTION","buildName":"projects/426857757301/locations/us-central1/builds/e3fbd505-ae3b-4f56-90c9-14ae1792f1f0"},"done":false}
[debug] [2025-04-06T17:08:10.289Z] ----------------------------------------------------------------------
[debug] [2025-04-06T17:08:10.292Z] Command:       C:\Program Files\nodejs\node.exe C:\Users\himir\AppData\Roaming\npm\node_modules\firebase-tools\lib\bin\firebase.js deploy --only functions
[debug] [2025-04-06T17:08:10.293Z] CLI Version:   14.1.0
[debug] [2025-04-06T17:08:10.293Z] Platform:      win32
[debug] [2025-04-06T17:08:10.293Z] Node Version:  v20.16.0
[debug] [2025-04-06T17:08:10.293Z] Time:          Sun Apr 06 2025 10:08:10 GMT-0700 (Pacific Daylight Time)
[debug] [2025-04-06T17:08:10.294Z] ----------------------------------------------------------------------
[debug] 
[debug] [2025-04-06T17:08:10.543Z] > command requires scopes: ["email","openid","https://www.googleapis.com/auth/cloudplatformprojects.readonly","https://www.googleapis.com/auth/firebase","https://www.googleapis.com/auth/cloud-platform"]
[debug] [2025-04-06T17:08:10.544Z] > authorizing via signed-in user (himirdesai72@gmail.com)
[debug] [2025-04-06T17:08:10.544Z] [iam] checking project second-srving for permissions ["cloudfunctions.functions.create","cloudfunctions.functions.delete","cloudfunctions.functions.get","cloudfunctions.functions.list","cloudfunctions.functions.update","cloudfunctions.operations.get","firebase.projects.get"]
[debug] [2025-04-06T17:08:10.545Z] Checked if tokens are valid: true, expires at: 1743961600318
[debug] [2025-04-06T17:08:10.545Z] Checked if tokens are valid: true, expires at: 1743961600318
[debug] [2025-04-06T17:08:10.547Z] >>> [apiv2][query] POST https://cloudresourcemanager.googleapis.com/v1/projects/second-srving:testIamPermissions [none]
[debug] [2025-04-06T17:08:10.547Z] >>> [apiv2][(partial)header] POST https://cloudresourcemanager.googleapis.com/v1/projects/second-srving:testIamPermissions x-goog-quota-user=projects/second-srving
[debug] [2025-04-06T17:08:10.547Z] >>> [apiv2][body] POST https://cloudresourcemanager.googleapis.com/v1/projects/second-srving:testIamPermissions {"permissions":["cloudfunctions.functions.create","cloudfunctions.functions.delete","cloudfunctions.functions.get","cloudfunctions.functions.list","cloudfunctions.functions.update","cloudfunctions.operations.get","firebase.projects.get"]}
[debug] [2025-04-06T17:08:10.846Z] <<< [apiv2][status] POST https://cloudresourcemanager.googleapis.com/v1/projects/second-srving:testIamPermissions 200
[debug] [2025-04-06T17:08:10.846Z] <<< [apiv2][body] POST https://cloudresourcemanager.googleapis.com/v1/projects/second-srving:testIamPermissions {"permissions":["cloudfunctions.functions.create","cloudfunctions.functions.delete","cloudfunctions.functions.get","cloudfunctions.functions.list","cloudfunctions.functions.update","cloudfunctions.operations.get","firebase.projects.get"]}
[debug] [2025-04-06T17:08:10.846Z] Checked if tokens are valid: true, expires at: 1743961600318
[debug] [2025-04-06T17:08:10.847Z] Checked if tokens are valid: true, expires at: 1743961600318
[debug] [2025-04-06T17:08:10.847Z] >>> [apiv2][query] POST https://iam.googleapis.com/v1/projects/second-srving/serviceAccounts/second-srving@appspot.gserviceaccount.com:testIamPermissions [none]
[debug] [2025-04-06T17:08:10.847Z] >>> [apiv2][body] POST https://iam.googleapis.com/v1/projects/second-srving/serviceAccounts/second-srving@appspot.gserviceaccount.com:testIamPermissions {"permissions":["iam.serviceAccounts.actAs"]}
[debug] [2025-04-06T17:08:11.153Z] <<< [apiv2][status] POST https://iam.googleapis.com/v1/projects/second-srving/serviceAccounts/second-srving@appspot.gserviceaccount.com:testIamPermissions 200
[debug] [2025-04-06T17:08:11.153Z] <<< [apiv2][body] POST https://iam.googleapis.com/v1/projects/second-srving/serviceAccounts/second-srving@appspot.gserviceaccount.com:testIamPermissions {"permissions":["iam.serviceAccounts.actAs"]}
[info] 
[info] === Deploying to 'second-srving'...
[info] 
[info] i  deploying functions 
[debug] [2025-04-06T17:08:11.158Z] Checked if tokens are valid: true, expires at: 1743961600318
[debug] [2025-04-06T17:08:11.158Z] Checked if tokens are valid: true, expires at: 1743961600318
[debug] [2025-04-06T17:08:11.158Z] >>> [apiv2][query] GET https://cloudresourcemanager.googleapis.com/v1/projects/second-srving [none]
[debug] [2025-04-06T17:08:11.279Z] <<< [apiv2][status] GET https://cloudresourcemanager.googleapis.com/v1/projects/second-srving 200
[debug] [2025-04-06T17:08:11.279Z] <<< [apiv2][body] GET https://cloudresourcemanager.googleapis.com/v1/projects/second-srving {"projectNumber":"426857757301","projectId":"second-srving","lifecycleState":"ACTIVE","name":"Second srving","labels":{"firebase":"enabled","firebase-core":"disabled"},"createTime":"2025-04-05T19:11:28.881021Z"}
[info] i  functions: preparing codebase default for deployment 
[info] i  functions: ensuring required API cloudfunctions.googleapis.com is enabled... 
[debug] [2025-04-06T17:08:11.282Z] Checked if tokens are valid: true, expires at: 1743961600318
[debug] [2025-04-06T17:08:11.282Z] Checked if tokens are valid: true, expires at: 1743961600318
[debug] [2025-04-06T17:08:11.282Z] Checked if tokens are valid: true, expires at: 1743961600318
[debug] [2025-04-06T17:08:11.282Z] Checked if tokens are valid: true, expires at: 1743961600318
[info] i  functions: ensuring required API cloudbuild.googleapis.com is enabled... 
[debug] [2025-04-06T17:08:11.283Z] Checked if tokens are valid: true, expires at: 1743961600318
[debug] [2025-04-06T17:08:11.283Z] Checked if tokens are valid: true, expires at: 1743961600318
[info] i  artifactregistry: ensuring required API artifactregistry.googleapis.com is enabled... 
[debug] [2025-04-06T17:08:11.283Z] Checked if tokens are valid: true, expires at: 1743961600318
[debug] [2025-04-06T17:08:11.283Z] Checked if tokens are valid: true, expires at: 1743961600318
[debug] [2025-04-06T17:08:11.283Z] >>> [apiv2][query] GET https://serviceusage.googleapis.com/v1/projects/second-srving/services/cloudfunctions.googleapis.com [none]
[debug] [2025-04-06T17:08:11.283Z] >>> [apiv2][(partial)header] GET https://serviceusage.googleapis.com/v1/projects/second-srving/services/cloudfunctions.googleapis.com x-goog-quota-user=projects/second-srving
[debug] [2025-04-06T17:08:11.285Z] >>> [apiv2][query] GET https://serviceusage.googleapis.com/v1/projects/second-srving/services/runtimeconfig.googleapis.com [none]
[debug] [2025-04-06T17:08:11.285Z] >>> [apiv2][(partial)header] GET https://serviceusage.googleapis.com/v1/projects/second-srving/services/runtimeconfig.googleapis.com x-goog-quota-user=projects/second-srving
[debug] [2025-04-06T17:08:11.286Z] >>> [apiv2][query] GET https://serviceusage.googleapis.com/v1/projects/second-srving/services/cloudbuild.googleapis.com [none]
[debug] [2025-04-06T17:08:11.286Z] >>> [apiv2][(partial)header] GET https://serviceusage.googleapis.com/v1/projects/second-srving/services/cloudbuild.googleapis.com x-goog-quota-user=projects/second-srving
[debug] [2025-04-06T17:08:11.288Z] >>> [apiv2][query] GET https://serviceusage.googleapis.com/v1/projects/second-srving/services/artifactregistry.googleapis.com [none]
[debug] [2025-04-06T17:08:11.288Z] >>> [apiv2][(partial)header] GET https://serviceusage.googleapis.com/v1/projects/second-srving/services/artifactregistry.googleapis.com x-goog-quota-user=projects/second-srving
[debug] [2025-04-06T17:08:11.693Z] <<< [apiv2][status] GET https://serviceusage.googleapis.com/v1/projects/second-srving/services/cloudbuild.googleapis.com 200
[debug] [2025-04-06T17:08:11.693Z] <<< [apiv2][body] GET https://serviceusage.googleapis.com/v1/projects/second-srving/services/cloudbuild.googleapis.com [omitted]
[info] +  functions: required API cloudbuild.googleapis.com is enabled 
[debug] [2025-04-06T17:08:11.695Z] <<< [apiv2][status] GET https://serviceusage.googleapis.com/v1/projects/second-srving/services/runtimeconfig.googleapis.com 200
[debug] [2025-04-06T17:08:11.695Z] <<< [apiv2][body] GET https://serviceusage.googleapis.com/v1/projects/second-srving/services/runtimeconfig.googleapis.com [omitted]
[debug] [2025-04-06T17:08:11.696Z] <<< [apiv2][status] GET https://serviceusage.googleapis.com/v1/projects/second-srving/services/cloudfunctions.googleapis.com 200
[debug] [2025-04-06T17:08:11.696Z] <<< [apiv2][body] GET https://serviceusage.googleapis.com/v1/projects/second-srving/services/cloudfunctions.googleapis.com [omitted]
[info] +  functions: required API cloudfunctions.googleapis.com is enabled 
[debug] [2025-04-06T17:08:11.697Z] <<< [apiv2][status] GET https://serviceusage.googleapis.com/v1/projects/second-srving/services/artifactregistry.googleapis.com 200
[debug] [2025-04-06T17:08:11.697Z] <<< [apiv2][body] GET https://serviceusage.googleapis.com/v1/projects/second-srving/services/artifactregistry.googleapis.com [omitted]
[info] +  artifactregistry: required API artifactregistry.googleapis.com is enabled 
[debug] [2025-04-06T17:08:11.697Z] Checked if tokens are valid: true, expires at: 1743961600318
[debug] [2025-04-06T17:08:11.697Z] Checked if tokens are valid: true, expires at: 1743961600318
[debug] [2025-04-06T17:08:11.698Z] >>> [apiv2][query] GET https://firebase.googleapis.com/v1beta1/projects/second-srving/adminSdkConfig [none]
[debug] [2025-04-06T17:08:12.190Z] <<< [apiv2][status] GET https://firebase.googleapis.com/v1beta1/projects/second-srving/adminSdkConfig 200
[debug] [2025-04-06T17:08:12.190Z] <<< [apiv2][body] GET https://firebase.googleapis.com/v1beta1/projects/second-srving/adminSdkConfig {"projectId":"second-srving","storageBucket":"second-srving.firebasestorage.app"}
[debug] [2025-04-06T17:08:12.190Z] Checked if tokens are valid: true, expires at: 1743961600318
[debug] [2025-04-06T17:08:12.190Z] Checked if tokens are valid: true, expires at: 1743961600318
[debug] [2025-04-06T17:08:12.190Z] >>> [apiv2][query] GET https://runtimeconfig.googleapis.com/v1beta1/projects/second-srving/configs [none]
[debug] [2025-04-06T17:08:12.364Z] <<< [apiv2][status] GET https://runtimeconfig.googleapis.com/v1beta1/projects/second-srving/configs 200
[debug] [2025-04-06T17:08:12.364Z] <<< [apiv2][body] GET https://runtimeconfig.googleapis.com/v1beta1/projects/second-srving/configs {}
[debug] [2025-04-06T17:08:12.366Z] Validating nodejs source
[debug] [2025-04-06T17:08:13.402Z] > [functions] package.json contents: {
  "name": "functions",
  "description": "Cloud Functions for Firebase",
  "scripts": {
    "serve": "firebase emulators:start --only functions",
    "shell": "firebase functions:shell",
    "start": "npm run shell",
    "deploy": "firebase deploy --only functions",
    "logs": "firebase functions:log"
  },
  "engines": {
    "node": "22"
  },
  "main": "index.js",
  "dependencies": {
    "body-parser": "^2.2.0",
    "cookie-parser": "^1.4.7",
    "ejs": "^3.1.10",
    "express": "^5.1.0",
    "firebase-admin": "^12.6.0",
    "firebase-functions": "^6.0.1"
  },
  "devDependencies": {
    "firebase-functions-test": "^3.1.0"
  },
  "private": true
}
[debug] [2025-04-06T17:08:13.402Z] Building nodejs source
[info] i  functions: Loading and analyzing source code for codebase default to determine what to deploy 
[debug] [2025-04-06T17:08:13.404Z] Could not find functions.yaml. Must use http discovery
[debug] [2025-04-06T17:08:13.414Z] Found firebase-functions binary at 'C:\Users\himir\Projects\Second-Serving\Takers\functions\node_modules\.bin\firebase-functions'
[info] Serving at port 8820

[info] HAHAAHAH

[debug] [2025-04-06T17:08:14.228Z] Got response from /__/functions.yaml {"endpoints":{"app":{"availableMemoryMb":null,"timeoutSeconds":null,"minInstances":null,"maxInstances":null,"ingressSettings":null,"concurrency":null,"serviceAccountEmail":null,"vpc":null,"platform":"gcfv2","labels":{},"httpsTrigger":{},"entryPoint":"app"}},"specVersion":"v1alpha1","requiredAPIs":[],"extensions":{}}
[info] i  extensions: ensuring required API firebaseextensions.googleapis.com is enabled... 
[debug] [2025-04-06T17:08:24.249Z] Checked if tokens are valid: true, expires at: 1743961600318
[debug] [2025-04-06T17:08:24.249Z] Checked if tokens are valid: true, expires at: 1743961600318
[debug] [2025-04-06T17:08:24.249Z] >>> [apiv2][query] GET https://serviceusage.googleapis.com/v1/projects/second-srving/services/firebaseextensions.googleapis.com [none]
[debug] [2025-04-06T17:08:24.249Z] >>> [apiv2][(partial)header] GET https://serviceusage.googleapis.com/v1/projects/second-srving/services/firebaseextensions.googleapis.com x-goog-quota-user=projects/second-srving
[debug] [2025-04-06T17:08:24.804Z] <<< [apiv2][status] GET https://serviceusage.googleapis.com/v1/projects/second-srving/services/firebaseextensions.googleapis.com 200
[debug] [2025-04-06T17:08:24.804Z] <<< [apiv2][body] GET https://serviceusage.googleapis.com/v1/projects/second-srving/services/firebaseextensions.googleapis.com [omitted]
[info] +  extensions: required API firebaseextensions.googleapis.com is enabled 
[debug] [2025-04-06T17:08:24.805Z] > command requires scopes: ["email","openid","https://www.googleapis.com/auth/cloudplatformprojects.readonly","https://www.googleapis.com/auth/firebase","https://www.googleapis.com/auth/cloud-platform"]
[debug] [2025-04-06T17:08:24.805Z] > authorizing via signed-in user (himirdesai72@gmail.com)
[debug] [2025-04-06T17:08:24.805Z] [iam] checking project second-srving for permissions ["firebase.projects.get","firebaseextensions.instances.list"]
[debug] [2025-04-06T17:08:24.805Z] Checked if tokens are valid: true, expires at: 1743961600318
[debug] [2025-04-06T17:08:24.805Z] Checked if tokens are valid: true, expires at: 1743961600318
[debug] [2025-04-06T17:08:24.805Z] >>> [apiv2][query] POST https://cloudresourcemanager.googleapis.com/v1/projects/second-srving:testIamPermissions [none]
[debug] [2025-04-06T17:08:24.805Z] >>> [apiv2][(partial)header] POST https://cloudresourcemanager.googleapis.com/v1/projects/second-srving:testIamPermissions x-goog-quota-user=projects/second-srving
[debug] [2025-04-06T17:08:24.805Z] >>> [apiv2][body] POST https://cloudresourcemanager.googleapis.com/v1/projects/second-srving:testIamPermissions {"permissions":["firebase.projects.get","firebaseextensions.instances.list"]}
[debug] [2025-04-06T17:08:25.006Z] <<< [apiv2][status] POST https://cloudresourcemanager.googleapis.com/v1/projects/second-srving:testIamPermissions 200
[debug] [2025-04-06T17:08:25.006Z] <<< [apiv2][body] POST https://cloudresourcemanager.googleapis.com/v1/projects/second-srving:testIamPermissions {"permissions":["firebase.projects.get","firebaseextensions.instances.list"]}
[debug] [2025-04-06T17:08:25.007Z] Checked if tokens are valid: true, expires at: 1743961600318
[debug] [2025-04-06T17:08:25.007Z] Checked if tokens are valid: true, expires at: 1743961600318
[debug] [2025-04-06T17:08:25.007Z] >>> [apiv2][query] GET https://firebaseextensions.googleapis.com/v1beta/projects/second-srving/instances pageSize=100&pageToken=
[debug] [2025-04-06T17:08:25.511Z] <<< [apiv2][status] GET https://firebaseextensions.googleapis.com/v1beta/projects/second-srving/instances 200
[debug] [2025-04-06T17:08:25.511Z] <<< [apiv2][body] GET https://firebaseextensions.googleapis.com/v1beta/projects/second-srving/instances {}
[info] i  functions: preparing functions directory for uploading... 
[info] i  functions: packaged C:\Users\himir\Projects\Second-Serving\Takers\functions (358.47 KB) for uploading 
[debug] [2025-04-06T17:08:25.589Z] Checked if tokens are valid: true, expires at: 1743961600318
[debug] [2025-04-06T17:08:25.589Z] Checked if tokens are valid: true, expires at: 1743961600318
[debug] [2025-04-06T17:08:25.589Z] >>> [apiv2][query] GET https://cloudfunctions.googleapis.com/v1/projects/second-srving/locations/-/functions [none]
[debug] [2025-04-06T17:08:26.850Z] <<< [apiv2][status] GET https://cloudfunctions.googleapis.com/v1/projects/second-srving/locations/-/functions 200
[debug] [2025-04-06T17:08:26.851Z] <<< [apiv2][body] GET https://cloudfunctions.googleapis.com/v1/projects/second-srving/locations/-/functions {}
[debug] [2025-04-06T17:08:26.851Z] Checked if tokens are valid: true, expires at: 1743961600318
[debug] [2025-04-06T17:08:26.851Z] Checked if tokens are valid: true, expires at: 1743961600318
[debug] [2025-04-06T17:08:26.852Z] >>> [apiv2][query] GET https://cloudfunctions.googleapis.com/v2/projects/second-srving/locations/-/functions filter=environment%3D%22GEN_2%22
[debug] [2025-04-06T17:08:27.202Z] <<< [apiv2][status] GET https://cloudfunctions.googleapis.com/v2/projects/second-srving/locations/-/functions 200
[debug] [2025-04-06T17:08:27.202Z] <<< [apiv2][body] GET https://cloudfunctions.googleapis.com/v2/projects/second-srving/locations/-/functions {"functions":[{"name":"projects/second-srving/locations/us-central1/functions/app","buildConfig":{"build":"projects/426857757301/locations/us-central1/builds/e3fbd505-ae3b-4f56-90c9-14ae1792f1f0","runtime":"nodejs22","entryPoint":"app","source":{"storageSource":{"bucket":"gcf-v2-sources-426857757301-us-central1","object":"app/function-source.zip","generation":"1743959250805079"}},"environmentVariables":{"GOOGLE_NODE_RUN_SCRIPTS":""},"dockerRepository":"projects/second-srving/locations/us-central1/repositories/gcf-artifacts","serviceAccount":"projects/second-srving/serviceAccounts/426857757301-compute@developer.gserviceaccount.com","automaticUpdatePolicy":{}},"serviceConfig":{"service":"projects/second-srving/locations/us-central1/services/app","timeoutSeconds":60,"environmentVariables":{"FIREBASE_CONFIG":"{\"projectId\":\"second-srving\",\"storageBucket\":\"second-srving.firebasestorage.app\"}","GCLOUD_PROJECT":"second-srving","EVENTARC_CLOUD_EVENT_SOURCE":"projects/second-srving/locations/us-central1/services/app","FUNCTION_TARGET":"app","LOG_EXECUTION_ID":"true","FUNCTION_SIGNATURE_TYPE":"http"},"maxInstanceCount":100,"ingressSettings":"ALLOW_ALL","uri":"https://app-o6757irosq-uc.a.run.app","serviceAccountEmail":"426857757301-compute@developer.gserviceaccount.com","availableMemory":"256Mi","allTrafficOnLatestRevision":true,"revision":"app-00087-yuw","maxInstanceRequestConcurrency":80,"availableCpu":"1"},"state":"DEPLOYING","updateTime":"2025-04-06T17:07:30.864094748Z","labels":{"firebase-functions-hash":"720f7432ef7b8bb9bf1a52cb5fc7fffb15b4776c","deployment-tool":"cli-firebase"},"environment":"GEN_2","url":"https://us-central1-second-srving.cloudfunctions.net/app","createTime":"2025-04-05T21:15:12.136456622Z","satisfiesPzi":true}]}
[info] i  functions: ensuring required API run.googleapis.com is enabled... 
[debug] [2025-04-06T17:08:27.206Z] Checked if tokens are valid: true, expires at: 1743961600318
[debug] [2025-04-06T17:08:27.206Z] Checked if tokens are valid: true, expires at: 1743961600318
[info] i  functions: ensuring required API eventarc.googleapis.com is enabled... 
[debug] [2025-04-06T17:08:27.207Z] Checked if tokens are valid: true, expires at: 1743961600318
[debug] [2025-04-06T17:08:27.207Z] Checked if tokens are valid: true, expires at: 1743961600318
[info] i  functions: ensuring required API pubsub.googleapis.com is enabled... 
[debug] [2025-04-06T17:08:27.207Z] Checked if tokens are valid: true, expires at: 1743961600318
[debug] [2025-04-06T17:08:27.207Z] Checked if tokens are valid: true, expires at: 1743961600318
[info] i  functions: ensuring required API storage.googleapis.com is enabled... 
[debug] [2025-04-06T17:08:27.208Z] Checked if tokens are valid: true, expires at: 1743961600318
[debug] [2025-04-06T17:08:27.208Z] Checked if tokens are valid: true, expires at: 1743961600318
[debug] [2025-04-06T17:08:27.208Z] >>> [apiv2][query] GET https://serviceusage.googleapis.com/v1/projects/second-srving/services/run.googleapis.com [none]
[debug] [2025-04-06T17:08:27.208Z] >>> [apiv2][(partial)header] GET https://serviceusage.googleapis.com/v1/projects/second-srving/services/run.googleapis.com x-goog-quota-user=projects/second-srving
[debug] [2025-04-06T17:08:27.208Z] >>> [apiv2][query] GET https://serviceusage.googleapis.com/v1/projects/second-srving/services/eventarc.googleapis.com [none]
[debug] [2025-04-06T17:08:27.208Z] >>> [apiv2][(partial)header] GET https://serviceusage.googleapis.com/v1/projects/second-srving/services/eventarc.googleapis.com x-goog-quota-user=projects/second-srving
[debug] [2025-04-06T17:08:27.210Z] >>> [apiv2][query] GET https://serviceusage.googleapis.com/v1/projects/second-srving/services/pubsub.googleapis.com [none]
[debug] [2025-04-06T17:08:27.210Z] >>> [apiv2][(partial)header] GET https://serviceusage.googleapis.com/v1/projects/second-srving/services/pubsub.googleapis.com x-goog-quota-user=projects/second-srving
[debug] [2025-04-06T17:08:27.212Z] >>> [apiv2][query] GET https://serviceusage.googleapis.com/v1/projects/second-srving/services/storage.googleapis.com [none]
[debug] [2025-04-06T17:08:27.212Z] >>> [apiv2][(partial)header] GET https://serviceusage.googleapis.com/v1/projects/second-srving/services/storage.googleapis.com x-goog-quota-user=projects/second-srving
[debug] [2025-04-06T17:08:27.508Z] <<< [apiv2][status] GET https://serviceusage.googleapis.com/v1/projects/second-srving/services/run.googleapis.com 200
[debug] [2025-04-06T17:08:27.508Z] <<< [apiv2][body] GET https://serviceusage.googleapis.com/v1/projects/second-srving/services/run.googleapis.com [omitted]
[info] +  functions: required API run.googleapis.com is enabled 
[debug] [2025-04-06T17:08:27.572Z] <<< [apiv2][status] GET https://serviceusage.googleapis.com/v1/projects/second-srving/services/eventarc.googleapis.com 200
[debug] [2025-04-06T17:08:27.572Z] <<< [apiv2][body] GET https://serviceusage.googleapis.com/v1/projects/second-srving/services/eventarc.googleapis.com [omitted]
[info] +  functions: required API eventarc.googleapis.com is enabled 
[debug] [2025-04-06T17:08:27.573Z] <<< [apiv2][status] GET https://serviceusage.googleapis.com/v1/projects/second-srving/services/pubsub.googleapis.com 200
[debug] [2025-04-06T17:08:27.573Z] <<< [apiv2][body] GET https://serviceusage.googleapis.com/v1/projects/second-srving/services/pubsub.googleapis.com [omitted]
[info] +  functions: required API pubsub.googleapis.com is enabled 
[debug] [2025-04-06T17:08:27.580Z] <<< [apiv2][status] GET https://serviceusage.googleapis.com/v1/projects/second-srving/services/storage.googleapis.com 200
[debug] [2025-04-06T17:08:27.580Z] <<< [apiv2][body] GET https://serviceusage.googleapis.com/v1/projects/second-srving/services/storage.googleapis.com [omitted]
[info] +  functions: required API storage.googleapis.com is enabled 
[info] i  functions: generating the service identity for pubsub.googleapis.com... 
[debug] [2025-04-06T17:08:27.582Z] Checked if tokens are valid: true, expires at: 1743961600318
[debug] [2025-04-06T17:08:27.582Z] Checked if tokens are valid: true, expires at: 1743961600318
[info] i  functions: generating the service identity for eventarc.googleapis.com... 
[debug] [2025-04-06T17:08:27.583Z] Checked if tokens are valid: true, expires at: 1743961600318
[debug] [2025-04-06T17:08:27.583Z] Checked if tokens are valid: true, expires at: 1743961600318
[debug] [2025-04-06T17:08:27.583Z] >>> [apiv2][query] POST https://serviceusage.googleapis.com/v1beta1/projects/426857757301/services/pubsub.googleapis.com:generateServiceIdentity [none]
[debug] [2025-04-06T17:08:27.584Z] >>> [apiv2][query] POST https://serviceusage.googleapis.com/v1beta1/projects/426857757301/services/eventarc.googleapis.com:generateServiceIdentity [none]
[debug] [2025-04-06T17:08:27.998Z] <<< [apiv2][status] POST https://serviceusage.googleapis.com/v1beta1/projects/426857757301/services/pubsub.googleapis.com:generateServiceIdentity 200
[debug] [2025-04-06T17:08:27.999Z] <<< [apiv2][body] POST https://serviceusage.googleapis.com/v1beta1/projects/426857757301/services/pubsub.googleapis.com:generateServiceIdentity {"name":"operations/finished.DONE_OPERATION","done":true,"response":{"@type":"type.googleapis.com/google.api.serviceusage.v1beta1.ServiceIdentity","email":"service-426857757301@gcp-sa-pubsub.iam.gserviceaccount.com","uniqueId":"107689212076639890172"}}
[debug] [2025-04-06T17:08:28.007Z] <<< [apiv2][status] POST https://serviceusage.googleapis.com/v1beta1/projects/426857757301/services/eventarc.googleapis.com:generateServiceIdentity 200
[debug] [2025-04-06T17:08:28.007Z] <<< [apiv2][body] POST https://serviceusage.googleapis.com/v1beta1/projects/426857757301/services/eventarc.googleapis.com:generateServiceIdentity {"name":"operations/finished.DONE_OPERATION","done":true,"response":{"@type":"type.googleapis.com/google.api.serviceusage.v1beta1.ServiceIdentity","email":"service-426857757301@gcp-sa-eventarc.iam.gserviceaccount.com","uniqueId":"112089831850073015785"}}
[debug] [2025-04-06T17:08:28.009Z] Checked if tokens are valid: true, expires at: 1743961600318
[debug] [2025-04-06T17:08:28.009Z] Checked if tokens are valid: true, expires at: 1743961600318
[debug] [2025-04-06T17:08:28.009Z] >>> [apiv2][query] GET https://cloudresourcemanager.googleapis.com/v1/projects/second-srving [none]
[debug] [2025-04-06T17:08:28.128Z] <<< [apiv2][status] GET https://cloudresourcemanager.googleapis.com/v1/projects/second-srving 200
[debug] [2025-04-06T17:08:28.128Z] <<< [apiv2][body] GET https://cloudresourcemanager.googleapis.com/v1/projects/second-srving {"projectNumber":"426857757301","projectId":"second-srving","lifecycleState":"ACTIVE","name":"Second srving","labels":{"firebase":"enabled","firebase-core":"disabled"},"createTime":"2025-04-05T19:11:28.881021Z"}
[debug] [2025-04-06T17:08:28.130Z] Checked if tokens are valid: true, expires at: 1743961600318
[debug] [2025-04-06T17:08:28.130Z] Checked if tokens are valid: true, expires at: 1743961600318
[debug] [2025-04-06T17:08:28.130Z] >>> [apiv2][query] GET https://cloudbilling.googleapis.com/v1/projects/second-srving/billingInfo [none]
[debug] [2025-04-06T17:08:28.531Z] <<< [apiv2][status] GET https://cloudbilling.googleapis.com/v1/projects/second-srving/billingInfo 200
[debug] [2025-04-06T17:08:28.531Z] <<< [apiv2][body] GET https://cloudbilling.googleapis.com/v1/projects/second-srving/billingInfo {"name":"projects/second-srving/billingInfo","projectId":"second-srving","billingAccountName":"billingAccounts/01B5E2-D0C63F-A3B91E","billingEnabled":true}
[debug] [2025-04-06T17:08:28.532Z] Checked if tokens are valid: true, expires at: 1743961600318
[debug] [2025-04-06T17:08:28.532Z] Checked if tokens are valid: true, expires at: 1743961600318
[debug] [2025-04-06T17:08:28.533Z] >>> [apiv2][query] POST https://cloudfunctions.googleapis.com/v2/projects/second-srving/locations/us-central1/functions:generateUploadUrl [none]
[debug] [2025-04-06T17:08:28.909Z] <<< [apiv2][status] POST https://cloudfunctions.googleapis.com/v2/projects/second-srving/locations/us-central1/functions:generateUploadUrl 200
[debug] [2025-04-06T17:08:28.909Z] <<< [apiv2][body] POST https://cloudfunctions.googleapis.com/v2/projects/second-srving/locations/us-central1/functions:generateUploadUrl {"uploadUrl":"https://storage.googleapis.com/gcf-v2-uploads-426857757301.us-central1.cloudfunctions.appspot.com/714ad305-0e01-45d5-a5d6-81e4b82a3ecd.zip?GoogleAccessId=service-426857757301@gcf-admin-robot.iam.gserviceaccount.com&Expires=1743961101&Signature=oVtRu93PMNLsa68UCd2cWbuqK2zbtUob%2FrYG2YB27stwnwf9Z1%2Bqgf8KO5gFg5w0YsOmvrcm7lviW%2B9upqRMo4q6ofLX7EZ8qsYAo9swuBKsvzIOe%2BpNPuHfScVuEOEmcs%2FlmbvJ2EhnhvRtA%2BP89Gi4ORcdZyitORrqYocZpmOW%2BoUjbbza2Nrd6LxF9N8oiEEqKxXpTN4RnrBgZ0SToZG%2BtKXT1xuwBfkLPiWlcAyqByDDFYQhT4qPP%2FFmvfVoWZBrp9dWVQk%2FK6lFei4hwJ3gYZqSEMp7GKaiHxJbIhjwes5k%2BD4u61wXw%2FYg0q1Y4%2FhzhekjAs6%2BQaesEmX8SQ%3D%3D","storageSource":{"bucket":"gcf-v2-uploads-426857757301.us-central1.cloudfunctions.appspot.com","object":"714ad305-0e01-45d5-a5d6-81e4b82a3ecd.zip"}}
[debug] [2025-04-06T17:08:28.910Z] >>> [apiv2][query] PUT https://storage.googleapis.com/gcf-v2-uploads-426857757301.us-central1.cloudfunctions.appspot.com/714ad305-0e01-45d5-a5d6-81e4b82a3ecd.zip GoogleAccessId=service-426857757301%40gcf-admin-robot.iam.gserviceaccount.com&Expires=1743961101&Signature=oVtRu93PMNLsa68UCd2cWbuqK2zbtUob%2FrYG2YB27stwnwf9Z1%2Bqgf8KO5gFg5w0YsOmvrcm7lviW%2B9upqRMo4q6ofLX7EZ8qsYAo9swuBKsvzIOe%2BpNPuHfScVuEOEmcs%2FlmbvJ2EhnhvRtA%2BP89Gi4ORcdZyitORrqYocZpmOW%2BoUjbbza2Nrd6LxF9N8oiEEqKxXpTN4RnrBgZ0SToZG%2BtKXT1xuwBfkLPiWlcAyqByDDFYQhT4qPP%2FFmvfVoWZBrp9dWVQk%2FK6lFei4hwJ3gYZqSEMp7GKaiHxJbIhjwes5k%2BD4u61wXw%2FYg0q1Y4%2FhzhekjAs6%2BQaesEmX8SQ%3D%3D
[debug] [2025-04-06T17:08:28.910Z] >>> [apiv2][body] PUT https://storage.googleapis.com/gcf-v2-uploads-426857757301.us-central1.cloudfunctions.appspot.com/714ad305-0e01-45d5-a5d6-81e4b82a3ecd.zip [stream]
[debug] [2025-04-06T17:08:29.478Z] <<< [apiv2][status] PUT https://storage.googleapis.com/gcf-v2-uploads-426857757301.us-central1.cloudfunctions.appspot.com/714ad305-0e01-45d5-a5d6-81e4b82a3ecd.zip 200
[debug] [2025-04-06T17:08:29.478Z] <<< [apiv2][body] PUT https://storage.googleapis.com/gcf-v2-uploads-426857757301.us-central1.cloudfunctions.appspot.com/714ad305-0e01-45d5-a5d6-81e4b82a3ecd.zip [omitted]
[info] +  functions: functions folder uploaded successfully 
[info] i  functions: updating Node.js 22 (2nd Gen) function app(us-central1)... 
[debug] [2025-04-06T17:08:29.486Z] Checked if tokens are valid: true, expires at: 1743961600318
[debug] [2025-04-06T17:08:29.487Z] Checked if tokens are valid: true, expires at: 1743961600318
[debug] [2025-04-06T17:08:29.487Z] >>> [apiv2][query] PATCH https://cloudfunctions.googleapis.com/v2/projects/second-srving/locations/us-central1/functions/app updateMask=name%2CbuildConfig.runtime%2CbuildConfig.entryPoint%2CbuildConfig.source.storageSource.bucket%2CbuildConfig.source.storageSource.object%2CbuildConfig.environmentVariables%2CbuildConfig.sourceToken%2CserviceConfig.environmentVariables%2CserviceConfig.ingressSettings%2CserviceConfig.timeoutSeconds%2CserviceConfig.serviceAccountEmail%2CserviceConfig.availableMemory%2CserviceConfig.minInstanceCount%2CserviceConfig.maxInstanceCount%2CserviceConfig.maxInstanceRequestConcurrency%2CserviceConfig.availableCpu%2CserviceConfig.vpcConnector%2CserviceConfig.vpcConnectorEgressSettings%2Clabels%2CbuildConfig.buildEnvironmentVariables
[debug] [2025-04-06T17:08:29.487Z] >>> [apiv2][body] PATCH https://cloudfunctions.googleapis.com/v2/projects/second-srving/locations/us-central1/functions/app {"name":"projects/second-srving/locations/us-central1/functions/app","buildConfig":{"runtime":"nodejs22","entryPoint":"app","source":{"storageSource":{"bucket":"gcf-v2-uploads-426857757301.us-central1.cloudfunctions.appspot.com","object":"714ad305-0e01-45d5-a5d6-81e4b82a3ecd.zip"}},"environmentVariables":{"GOOGLE_NODE_RUN_SCRIPTS":""}},"serviceConfig":{"environmentVariables":{"FIREBASE_CONFIG":"{\"projectId\":\"second-srving\",\"storageBucket\":\"second-srving.firebasestorage.app\"}","GCLOUD_PROJECT":"second-srving","EVENTARC_CLOUD_EVENT_SOURCE":"projects/second-srving/locations/us-central1/services/app","FUNCTION_TARGET":"app","LOG_EXECUTION_ID":"true","FUNCTION_SIGNATURE_TYPE":"http"},"ingressSettings":null,"timeoutSeconds":null,"serviceAccountEmail":null,"availableMemory":"256Mi","minInstanceCount":null,"maxInstanceCount":null,"maxInstanceRequestConcurrency":80,"availableCpu":"1","vpcConnector":null,"vpcConnectorEgressSettings":null},"labels":{"deployment-tool":"cli-firebase","firebase-functions-hash":"28098c96217d827e1260d7baf90804e91103971c"}}
[debug] [2025-04-06T17:08:30.172Z] <<< [apiv2][status] PATCH https://cloudfunctions.googleapis.com/v2/projects/second-srving/locations/us-central1/functions/app 409
[debug] [2025-04-06T17:08:30.173Z] <<< [apiv2][body] PATCH https://cloudfunctions.googleapis.com/v2/projects/second-srving/locations/us-central1/functions/app {"error":{"code":409,"message":"unable to queue the operation","status":"ABORTED","details":[{"@type":"type.googleapis.com/google.rpc.ResourceInfo","resourceName":"projects/second-srving/locations/us-central1/functions/app"}]}}
[warn] !  functions: Request to https://cloudfunctions.googleapis.com/v2/projects/second-srving/locations/us-central1/functions/app?updateMask=name%2CbuildConfig.runtime%2CbuildConfig.entryPoint%2CbuildConfig.source.storageSource.bucket%2CbuildConfig.source.storageSource.object%2CbuildConfig.environmentVariables%2CbuildConfig.sourceToken%2CserviceConfig.environmentVariables%2CserviceConfig.ingressSettings%2CserviceConfig.timeoutSeconds%2CserviceConfig.serviceAccountEmail%2CserviceConfig.availableMemory%2CserviceConfig.minInstanceCount%2CserviceConfig.maxInstanceCount%2CserviceConfig.maxInstanceRequestConcurrency%2CserviceConfig.availableCpu%2CserviceConfig.vpcConnector%2CserviceConfig.vpcConnectorEgressSettings%2Clabels%2CbuildConfig.buildEnvironmentVariables had HTTP Error: 409, unable to queue the operation 
[warn] !  functions:  failed to update function projects/second-srving/locations/us-central1/functions/app 
[debug] [2025-04-06T17:09:10.187Z] [queue] Retrying task index 0
